
// File generated by darts version V-2024.06#8be6237c82#250729, Mon Mar 16 16:43:00 2026
// Copyright 2014-2024 Synopsys, Inc. All rights reserved.
// darts -I/home/triple/npu-work/amd-unified-software/aietools/data/aie_ml/lib -d -h -I/home/triple/npu-work/amd-unified-software/aietools/include -I/home/triple/npu-work/amd-unified-software/aietools/data/aie_ml/lib/runtime_cxx/libcxx-lite/include -I/home/triple/npu-work/amd-unified-software/aietools/data/aie_ml/lib/runtime_cxx/libs/libcxx-16/include -I/home/triple/npu-work/amd-unified-software/aietools/data/aie_ml/lib/runtime_cxx/libs/libcxxabi-16/include -I/home/triple/npu-work/amd-unified-software/aietools/data/aie_ml/lib/runtime/include -I/home/triple/npu-work/aietools/tps/boost_1_64_0 -D__AIENGINE__ -D__AIE_ARCH__=20 -D__AIEARCH__=20 -D__tct_tgt__=250729 -L +Ihex +nanno k1.o me

// Release: ipp V-2024.06-TGT-250729
.undef global data _ZN12me_primitive11control_satE

.undef global data _ZN12me_primitive11control_rndE

.text_segment_name
.text global 16 test_kernel
.function_start
	     0    0x00 0x03 0xc2 0x32 0x76 0x45                                                                                  PADDB [sp], #192;                                                                         MOV p2, p1
	     6    0x0f 0xff 0x42 0x99                                                                                                                          ST lr, [sp, #-8]
	    10    0x0f 0xff 0xf6 0x99                                                                                                                          ST p6, [sp, #-4]
	    14    0x0f 0xfe 0xfe 0x99                                                                                                                          ST p7, [sp, #-12]
.no_stack_arguments
	    18    0xff 0xca 0xd0 0x00 0x00 0x00 0x00 0x00 0x41 0x3b                                                                                            ST p2, [sp, #-16];            JL #memcpy
.delay_slot
	    28    0x19 0x3c 0xf6 0x59                                                                                                                                                                                      MOV p1, sp
.delay_slot
	    32    0x1a 0x30 0x76 0x59                                                                                                                                                                                      MOV p2, p0
.delay_slot
	    36    0x01 0xf7 0x16 0x32 0x76 0x45                                                                                  PADDB [p1], #-96;                                                                         MOV p6, p1
.delay_slot
	    42    0x00 0x00 0x07 0xfd 0xce 0xb5                                                    NOPA;                                                       ST p1, [sp, #-20]
.delay_slot
	    48    0x00 0x00 0x00 0x00 0x00 0x00 0x00 0x02 0x00 0x0b 0x9a 0x3b 0x28 0x00 0x03 0xc0  NOPA;                         NOPB;                         NOPS;                         MOVX r0, #64;                 MOV p7, p2;                             NOPV
.return_address
.no_stack_arguments
	    64    0x00 0x00 0x00 0x00 0x01 0x15                                                                                                                                              JL #memcpy
.delay_slot
	    70    0x07 0x0b 0x11 0x3c 0x76 0x45                                                                                  PADDB [p7], #64;                                                                          MOV p1, p6
.delay_slot
	    76    0x01 0xf3 0xf0 0x00 0x00 0x89 0x1f 0x3b 0x28 0x3b                                                              PADDB [p1], #-100;                                          MOVX r0, #4;                  MOV p2, p7
.delay_slot
.swstall delay_slot
	    86    0x00 0x01                                                                        NOPX
.delay_slot
.swstall delay_slot
	    88    0x00 0x01                                                                        NOPX
.delay_slot
.swstall delay_slot
	    90    0x00 0x00 0x00 0x00 0x00 0x7d                                                    NOPA;                         NOPB
.return_address
	    96    0x07 0xfd 0xfe 0xd9                                                              LDA p7, [sp, #-20]
	   100    0x07 0xf3 0xf0 0x59                                                              LDA r24, [sp, #-100]
	   104    0x07 0xfe 0xc1 0xd9                                                              VLDA wl0, [sp, #-96]
	   108    0x07 0xfe 0x4e 0xd9                                                              LDA p1, [sp, #-16]
	   112    0x00 0x01                                                                        NOPX
	   114    0x00 0x01                                                                        NOPX
	   116    0x00 0x01                                                                        NOPX
	   118    0x3f 0x2c 0x28 0x19                                                                                            VLDB wh0, [p7, #32]
	   122    0x00 0x01                                                                        NOPX
	   124    0x00 0x01                                                                        NOPX
	   126    0x00 0x01                                                                        NOPX
	   128    0x00 0x01                                                                        NOPX
.no_stack_arguments
	   130    0x00 0x00 0x00 0x00 0x01 0x15                                                                                                                                              JL #memcpy
.delay_slot
.swstall delay_slot
	   136    0x00 0x01                                                                        NOPX
.delay_slot
	   138    0x06 0xeb 0x10 0x4c 0x07 0x25                                                                                  PADDB [p6], #-192;                                                                        VEXTBCST.32 x0, x0, r24
.delay_slot
	   144    0x1a 0x3c 0x76 0x59                                                                                                                                                                                      MOV p2, p6
.delay_slot
	   148    0x0a 0x06 0x83 0xd9                                                                                                                          VST wh0, [p2, #32]
.delay_slot
	   152    0xff 0xa8 0x38 0x00 0x00 0x40 0x01 0x53                                                                        NOPB;                         VST wl0, [sp, #-192];         MOVX r0, #64
.return_address
	   160    0x07 0xff 0x42 0xd9                                                              LDA lr, [sp, #-8]
	   164    0x07 0xff 0xf6 0xd9                                                              LDA p6, [sp, #-4]
	   168    0x07 0xfe 0xfe 0xd9                                                              LDA p7, [sp, #-12]
	   172    0x00 0x01                                                                        NOPX
	   174    0x00 0x01                                                                        NOPX
	   176    0x00 0x01                                                                        NOPX
	   178    0x00 0x01                                                                        NOPX
	   180    0x10 0x00 0x18 0x19                                                                                                                                                        RET lr
.delay_slot
.swstall delay_slot
	   184    0x00 0x01                                                                        NOPX
.delay_slot
.swstall delay_slot
	   186    0x00 0x01                                                                        NOPX
.delay_slot
.swstall delay_slot
	   188    0x00 0x01                                                                        NOPX
.delay_slot
.swstall delay_slot
	   190    0x00 0x01                                                                        NOPX
.label test_kernel__end last
.delay_slot
	   192    0xff 0xe8 0x00 0x00 0x00 0x00 0x00 0x00 0x00 0x00 0x00 0x03 0x88 0x00 0x03 0xc0  NOPA;                         PADDB [sp], #-192;            NOPS;                         NOPX;                         NOPM;                                   NOPV

.undef global text memcpy

