
// File generated by darts version V-2024.06#8be6237c82#250729, Mon Mar 16 16:43:17 2026
// Copyright 2014-2024 Synopsys, Inc. All rights reserved.
// darts -I/home/triple/npu-work/amd-unified-software/aietools/data/aie_ml/lib -d -h -I/home/triple/npu-work/amd-unified-software/aietools/include -I/home/triple/npu-work/amd-unified-software/aietools/data/aie_ml/lib/runtime_cxx/libcxx-lite/include -I/home/triple/npu-work/amd-unified-software/aietools/data/aie_ml/lib/runtime_cxx/libs/libcxx-16/include -I/home/triple/npu-work/amd-unified-software/aietools/data/aie_ml/lib/runtime_cxx/libs/libcxxabi-16/include -I/home/triple/npu-work/amd-unified-software/aietools/data/aie_ml/lib/runtime/include -I/home/triple/npu-work/aietools/tps/boost_1_64_0 -D__AIENGINE__ -D__AIE_ARCH__=20 -D__AIEARCH__=20 -D__tct_tgt__=250729 -L +Ihex +nanno k2.o me

// Release: ipp V-2024.06-TGT-250729
.undef global data _ZN12me_primitive11control_satE

.undef global data _ZN12me_primitive11control_rndE

.text_segment_name
.text global 16 test_kernel
.function_start
	     0    0x00 0x07 0x22 0x32 0x76 0x45                                                                                  PADDB [sp], #288;                                                                         MOV p2, p1
	     6    0x0f 0xfe 0xc2 0x99                                                                                                                          ST lr, [sp, #-12]
	    10    0x0f 0xff 0xfe 0x99                                                                                                                          ST p7, [sp, #-4]
.no_stack_arguments
	    14    0xff 0xee 0xd0 0x00 0x00 0x00 0x00 0x00 0x41 0x3b                                                                                            ST p6, [sp, #-8];             JL #memcpy
.delay_slot
	    24    0x0f 0xfe 0x56 0x99                                                                                                                          ST p2, [sp, #-16]
.delay_slot
	    28    0x19 0x3c 0xf6 0x59                                                                                                                                                                                      MOV p1, sp
.delay_slot
	    32    0x01 0xf7 0x12 0x30 0x76 0x45                                                                                  PADDB [p1], #-96;                                                                         MOV p2, p0
.delay_slot
	    38    0x00 0x00 0x00 0x00 0x00 0x03 0x99 0x3b 0x2e 0xbb                                NOPA;                         NOPB;                                                                                     MOV p7, p1
.delay_slot
	    48    0x00 0x00 0x00 0x00 0x00 0x00 0x00 0x02 0x00 0x0b 0x1a 0x3b 0x28 0x00 0x03 0xc0  NOPA;                         NOPB;                         NOPS;                         MOVX r0, #64;                 MOV p6, p2;                             NOPV
.return_address
.no_stack_arguments
	    64    0x00 0x00 0x00 0x00 0x01 0x15                                                                                                                                              JL #memcpy
.delay_slot
	    70    0x06 0x0b 0x11 0x3c 0xf6 0x45                                                                                  PADDB [p6], #64;                                                                          MOV p1, sp
.delay_slot
	    76    0x01 0xef 0x12 0x3c 0x76 0x45                                                                                  PADDB [p1], #-160;                                                                        MOV p2, p6
.delay_slot
	    82    0x00 0x02 0x00 0x0b 0x19 0x3b 0x28 0x43                                                                                                                                    MOVX r0, #64;                 MOV p6, p1
.delay_slot
.swstall delay_slot
	    90    0x00 0x01                                                                        NOPX
.delay_slot
.swstall delay_slot
	    92    0x00 0x00 0x00 0x19                                                              NOPA
.return_address
	    96    0xff 0xc9 0xde 0x2c 0x68 0x11 0x82 0x49 0x1e 0x7b 0x28 0xb7                      LDA p1, [sp, #-16];           VLDB wh1, [p6, #32];                                        MOVX r24, #530;               MOV p2, sp
	   108    0xff 0xde 0xdf 0x2c 0x28 0x7d                                                    LDA p6, [sp, #-12];           VLDB wh0, [p7, #32]
	   114    0x07 0xfe 0xc1 0xd9                                                              VLDA wl0, [sp, #-96]
	   118    0x07 0xfd 0xc5 0xd9                                                              VLDA wl1, [sp, #-160]
	   122    0x00 0x01                                                                        NOPX
	   124    0x00 0x01                                                                        NOPX
	   126    0x00 0x01                                                                        NOPX
	   128    0x00 0x01                                                                        NOPX
	   130    0x00 0x01                                                                        NOPX
	   132    0x00 0x01                                                                        NOPX
	   134    0xc7 0x80 0x40 0x09                                                                                                                                                                                                                              VMUL cm0, x0, x1, r24
	   138    0x00 0x01                                                                        NOPX
	   140    0x00 0x01                                                                        NOPX
.no_stack_arguments
	   142    0x00 0x00 0x00 0x00 0x01 0x15                                                                                                                                              JL #memcpy
.delay_slot
	   148    0x3a 0xdf 0x10 0x19                                                                                            PADDB [p2], #-288
.delay_slot
	   152    0x0a 0x06 0x81 0x59                                                                                                                          VST amlh0, [p2, #32]
.delay_slot
	   156    0x0a 0x0a 0x82 0x59                                                                                                                          VST amhl0, [p2, #64]
.delay_slot
	   160    0x0a 0x0e 0x83 0x59                                                                                                                          VST amhh0, [p2, #96]
.delay_slot
	   164    0x00 0x00 0x00 0x00 0x00 0x04 0x00 0x0b 0xfd 0xe0 0x21 0x37                      NOPA;                         NOPB;                         VST amll0, [sp, #-288];       MOVX r0, #128
.return_address
	   176    0xff 0xff 0xda 0x7c 0x76 0x4d                                                    LDA p7, [sp, #-4];                                                                                                      MOV lr, p6
	   182    0x07 0xff 0x76 0xd9                                                              LDA p6, [sp, #-8]
	   186    0x10 0x00 0x18 0x19                                                                                                                                                        RET lr
.delay_slot
.swstall delay_slot
	   190    0x00 0x01                                                                        NOPX
.delay_slot
.swstall delay_slot
	   192    0x00 0x01                                                                        NOPX
.delay_slot
.swstall delay_slot
	   194    0x00 0x01                                                                        NOPX
.delay_slot
.swstall delay_slot
	   196    0x00 0x01                                                                        NOPX
.label test_kernel__end last
.delay_slot
	   198    0x00 0x00 0x07 0xfb 0xe0 0x00 0x00 0x03 0x8e 0xbb                                NOPA;                         PADDB [sp], #-288;                                                                        NOPM

.undef global text memcpy

