
// File generated by darts version V-2024.06#8be6237c82#250729, Mon Mar 16 16:43:35 2026
// Copyright 2014-2024 Synopsys, Inc. All rights reserved.
// darts -I/home/triple/npu-work/amd-unified-software/aietools/data/aie_ml/lib -d -h -I/home/triple/npu-work/amd-unified-software/aietools/include -I/home/triple/npu-work/amd-unified-software/aietools/data/aie_ml/lib/runtime_cxx/libcxx-lite/include -I/home/triple/npu-work/amd-unified-software/aietools/data/aie_ml/lib/runtime_cxx/libs/libcxx-16/include -I/home/triple/npu-work/amd-unified-software/aietools/data/aie_ml/lib/runtime_cxx/libs/libcxxabi-16/include -I/home/triple/npu-work/amd-unified-software/aietools/data/aie_ml/lib/runtime/include -I/home/triple/npu-work/aietools/tps/boost_1_64_0 -D__AIENGINE__ -D__AIE_ARCH__=20 -D__AIEARCH__=20 -D__tct_tgt__=250729 -L +Ihex +nanno k3.o me

// Release: ipp V-2024.06-TGT-250729
.undef global data _ZN12me_primitive11control_satE

.undef global data _ZN12me_primitive11control_rndE

.text_segment_name
.text global 16 test_kernel
.function_start
	     0    0x38 0x03 0x80 0x19                                                                                            PADDB [sp], #128
	     4    0x0f 0xff 0x42 0x99                                                                                                                          ST lr, [sp, #-8]
.no_stack_arguments
	     8    0x00 0x00 0x00 0x00 0x01 0x15                                                                                                                                              JL #memcpy
.delay_slot
	    14    0x1a 0x30 0x76 0x59                                                                                                                                                                                      MOV p2, p0
.delay_slot
	    18    0x18 0x3e 0x76 0x59                                                                                                                                                                                      MOV p0, p7
.delay_slot
	    22    0x1f 0x32 0x76 0x59                                                                                                                                                                                      MOV p7, p1
.delay_slot
	    26    0x00 0x00 0x01 0x3c 0xf6 0x4d                                                    NOPA;                                                                                                                   MOV p1, sp
.delay_slot
	    32    0x3e 0xe2 0x00 0x00 0x07 0xff 0xc6 0x82 0x00 0x08 0x00 0x03 0x88 0x00 0x03 0xc0  NOPA;                         PADDB [p1], #-96;             ST p0, [sp, #-4];             MOVX r0, #64;                 NOPM;                                   NOPV
.return_address
	    48    0x07 0xfe 0xc0 0x99                                                              VLDA amll0, [sp, #-96]
	    52    0x00 0x01                                                                        NOPX
.no_stack_arguments
	    54    0x00 0x00 0x00 0x00 0x01 0x15                                                                                                                                              JL #memcpy
.delay_slot
.swstall delay_slot
	    60    0x00 0x01                                                                        NOPX
.delay_slot
.swstall delay_slot
	    62    0x00 0x01                                                                        NOPX
.delay_slot
.swstall delay_slot
	    64    0x00 0x01                                                                        NOPX
.delay_slot
	    66    0x00 0x00 0x00 0x00 0x00 0x00 0x00 0x51 0xe7 0xb2 0x00 0x00 0x78 0x2f            NOPA;                                                       NOPS;                                                       MOV p2, sp;                             NOPV
.delay_slot
	    80    0x5e 0x62 0x00 0x00 0x07 0xfe 0x40 0x40 0x04 0x08 0x9f 0x3b 0x28 0x00 0x03 0xc0  NOPA;                         PADDB [p2], #-128;            VST amll0, [sp, #-128];       MOVX r0, #32;                 MOV p1, p7;                             NOPV
.return_address
	    96    0x07 0xff 0x42 0xd9                                                              LDA lr, [sp, #-8]
	   100    0x07 0xff 0xfe 0xd9                                                              LDA p7, [sp, #-4]
	   104    0x00 0x01                                                                        NOPX
	   106    0x00 0x01                                                                        NOPX
	   108    0x00 0x01                                                                        NOPX
	   110    0x00 0x01                                                                        NOPX
	   112    0x00 0x01                                                                        NOPX
	   114    0x10 0x00 0x18 0x19                                                                                                                                                        RET lr
.delay_slot
.swstall delay_slot
	   118    0x00 0x01                                                                        NOPX
.delay_slot
.swstall delay_slot
	   120    0x00 0x01                                                                        NOPX
.delay_slot
.swstall delay_slot
	   122    0x00 0x01                                                                        NOPX
.delay_slot
.swstall delay_slot
	   124    0x00 0x00 0x00 0x19                                                              NOPA
.label test_kernel__end last
.delay_slot
	   128    0xff 0xf0 0x00 0x00 0x00 0x00 0x00 0x00 0x00 0x00 0x00 0x03 0x88 0x00 0x03 0xc0  NOPA;                         PADDB [sp], #-128;            NOPS;                         NOPX;                         NOPM;                                   NOPV

.undef global text memcpy

