
// File generated by darts version V-2024.06#8be6237c82#250729, Mon Mar 16 16:22:28 2026
// Copyright 2014-2024 Synopsys, Inc. All rights reserved.
// darts -I/home/triple/npu-work/amd-unified-software/aietools/data/aie_ml/lib -d -h -I/home/triple/npu-work/amd-unified-software/aietools/include -I/home/triple/npu-work/amd-unified-software/aietools/data/aie_ml/lib/runtime_cxx/libcxx-lite/include -I/home/triple/npu-work/amd-unified-software/aietools/data/aie_ml/lib/runtime_cxx/libs/libcxx-16/include -I/home/triple/npu-work/amd-unified-software/aietools/data/aie_ml/lib/runtime_cxx/libs/libcxxabi-16/include -I/home/triple/npu-work/amd-unified-software/aietools/data/aie_ml/lib/runtime/include -I/home/triple/npu-work/aietools/tps/boost_1_64_0 -D__AIENGINE__ -D__AIE_ARCH__=20 -D__AIEARCH__=20 -D__tct_tgt__=250729 -L +Ihex +nanno +u /home/triple/npu-work/xdna-emu/aie.mlir.prj/main_core_0_2.elf me

// Release: ipp V-2024.06-TGT-250729

.text_segment PM      0
.entry_point
.label __AIE_ARCH_MODEL_VERSION__20010800__inlined__1__me_basic___main_init_
.label _main_init
.function_start
           0    0x00 0x00 0x01 0xc3 0x38 0x00 0x10 0x43                                                                                                                                    MOVXM sp, #458752
           8    0x00 0x00 0x08 0x00 0x00 0x55                                                                                                                                              MOVXM r16, #0
          14    0x00 0x00 0x0c 0x00 0x00 0x55                                                                                                                                              MOVXM r24, #0
          20    0x16 0x31 0x07 0x99                                                                                                                                                        EQ r24, r24, r16
          24    0xc0 0x00 0x40 0x40 0x01 0x95                                                                                                                                              JNZ r24, #128
.delay_slot
.swstall delay_slot
          30    0x00 0x01                                                                        NOPX
.delay_slot
.swstall delay_slot
          32    0x00 0x01                                                                        NOPX
.delay_slot
.swstall delay_slot
          34    0x00 0x01                                                                        NOPX
.delay_slot
.swstall delay_slot
          36    0x00 0x01                                                                        NOPX
.delay_slot
.swstall delay_slot
          38    0x00 0x01                                                                        NOPX
          40    0xff 0xff 0xfc 0x7f 0xf8 0x55                                                                                                                                              MOVXM p6, #-4
          46    0x1f 0x30 0x76 0x59                                                                                                                                                                                      MOV p7, p0
          50    0x00 0x00 0x00 0x00 0x00 0x00 0x00 0x62 0x04 0xb2 0x00 0x00 0x78 0x2f            NOPA;                                                       NOPS;                                                       MOV r17, r1;                            NOPV
.label TGT_F_main_init_64
.loop_nesting 1
          64    0xdf 0xf0 0xdc 0x8c 0x76 0x4d                                                    LDA p0, [p6], #-4;                                                                                                      MOV r18, p6
          70    0x00 0x01                                                                        NOPX
          72    0x00 0x01                                                                        NOPX
          74    0x00 0x01                                                                        NOPX
          76    0x00 0x01                                                                        NOPX
          78    0x00 0x01                                                                        NOPX
          80    0x00 0x01                                                                        NOPX
.no_stack_arguments
          82    0x10 0x00 0x14 0x19                                                                                                                                                        JL p0
.delay_slot
.swstall delay_slot
          86    0x00 0x01                                                                        NOPX
.delay_slot
.swstall delay_slot
          88    0x00 0x01                                                                        NOPX
.delay_slot
.swstall delay_slot
          90    0x00 0x01                                                                        NOPX
.delay_slot
.swstall delay_slot
          92    0x00 0x01                                                                        NOPX
.delay_slot
.swstall delay_slot
          94    0x00 0x01                                                                        NOPX
.return_address
          96    0x14 0xb1 0x08 0x99                                                                                                                                                        NE r24, r18, r16
         100    0xc0 0x00 0x20 0x40 0x01 0x95                                                                                                                                              JNZ r24, #64
.delay_slot
.swstall delay_slot
         106    0x00 0x01                                                                        NOPX
.delay_slot
.swstall delay_slot
         108    0x00 0x01                                                                        NOPX
.delay_slot
.swstall delay_slot
         110    0x00 0x01                                                                        NOPX
.delay_slot
.swstall delay_slot
         112    0x00 0x01                                                                        NOPX
.delay_slot
.swstall delay_slot
         114    0x00 0x01                                                                        NOPX
.loop_nesting 0
         116    0x18 0x3e 0x76 0x59                                                                                                                                                                                      MOV p0, p7
         120    0x00 0x00 0x00 0x00 0x24 0x4b 0x20 0x03                                                                                                      NOPS;                                                       MOV r1, r17
.label TGT_F_main_init_128
.no_stack_arguments
         128    0x00 0x00 0x70 0x00 0x01 0x15                                                                                                                                              JL #224
.delay_slot
.swstall delay_slot
         134    0x00 0x01                                                                        NOPX
.delay_slot
.swstall delay_slot
         136    0x00 0x01                                                                        NOPX
.delay_slot
.swstall delay_slot
         138    0x00 0x01                                                                        NOPX
.delay_slot
.swstall delay_slot
         140    0x00 0x01                                                                        NOPX
.delay_slot
.swstall delay_slot
         142    0x00 0x01                                                                        NOPX
.return_address
.no_stack_arguments
         144    0x00 0x01 0xf8 0x00 0x01 0x15                                                                                                                                              JL #1008
.delay_slot
         150    0x18 0x30 0x06 0x99                                                                                                                                                                                      MOV p0, #0
.delay_slot
.swstall delay_slot
         154    0x00 0x01                                                                        NOPX
.delay_slot
.swstall delay_slot
         156    0x00 0x01                                                                        NOPX
.delay_slot
.swstall delay_slot
         158    0x00 0x01                                                                        NOPX
.delay_slot
.swstall delay_slot
         160    0x00 0x00 0x00 0x00 0x00 0x00 0x00 0x00 0x00 0x00 0x00 0x03 0x88 0x00 0x03 0xc0  NOPA;                         NOPB;                         NOPS;                         NOPX;                         NOPM;                                   NOPV
.return_address
.swstall chess_separator_scheduler
         176    0x00 0x01                                                                        NOPX
.swstall chess_separator_scheduler
         178    0x00 0x01                                                                        NOPX
.swstall chess_separator_scheduler
         180    0x00 0x01                                                                        NOPX
.swstall chess_separator_scheduler
         182    0x00 0x01                                                                        NOPX
.swstall chess_separator_scheduler
         184    0x00 0x01                                                                        NOPX
.swstall chess_separator_scheduler
         186    0x00 0x01                                                                        NOPX
         188    0x10 0x00 0x08 0x19                                                                                                                                                        DONE
.swstall chess_separator_scheduler
         192    0x00 0x01                                                                        NOPX
.swstall chess_separator_scheduler
         194    0x00 0x01                                                                        NOPX
.swstall chess_separator_scheduler
         196    0x00 0x01                                                                        NOPX
.swstall chess_separator_scheduler
         198    0x00 0x01                                                                        NOPX
.swstall chess_separator_scheduler
         200    0x00 0x01                                                                        NOPX
.swstall chess_separator_scheduler
         202    0x00 0x01                                                                        NOPX
.swstall for_chess_exit
.exit
         204    0x00 0x00 0x00 0x19                                                              NOPA
.label TGT_F_main_init_208
.loop_nesting 1
         208    0x00 0x00 0x68 0x00 0x00 0x95                                                                                                                                              J #208
.delay_slot
.swstall delay_slot
         214    0x00 0x01                                                                        NOPX
.delay_slot
.swstall delay_slot
         216    0x00 0x01                                                                        NOPX
.delay_slot
.swstall delay_slot
         218    0x00 0x01                                                                        NOPX
.delay_slot
.swstall delay_slot
         220    0x00 0x01                                                                        NOPX
.delay_slot
.swstall delay_slot
         222    0x00 0x01                                                                        NOPX
.label _main_init__end
.label core_0_2
.function_start
         224    0x38 0x03 0x20 0x19                                                                                            PADDB [sp], #32
         228    0x0f 0xff 0xc2 0x99                                                                                                                          ST lr, [sp, #-4]
.no_stack_arguments
         232    0x00 0x00 0xc0 0x00 0x01 0x15                                                                                                                                              JL #384
.delay_slot
         238    0x00 0x00 0x06 0x28 0x27 0xff 0xc8 0x43                                                                                                                                    MOVX r0, #49;                 MOV r1, #-1
.delay_slot
.swstall delay_slot
         246    0x00 0x01                                                                        NOPX
.delay_slot
.swstall delay_slot
         248    0x00 0x01                                                                        NOPX
.delay_slot
.swstall delay_slot
         250    0x00 0x01                                                                        NOPX
.delay_slot
.swstall delay_slot
         252    0x00 0x00 0x00 0x19                                                              NOPA
.return_address
.no_stack_arguments
         256    0x00 0x00 0xc0 0x00 0x01 0x15                                                                                                                                              JL #384
.delay_slot
         262    0x00 0x00 0x06 0x48 0x27 0xff 0xc8 0x43                                                                                                                                    MOVX r0, #50;                 MOV r1, #-1
.delay_slot
.swstall delay_slot
         270    0x00 0x01                                                                        NOPX
.delay_slot
.swstall delay_slot
         272    0x00 0x01                                                                        NOPX
.delay_slot
.swstall delay_slot
         274    0x00 0x01                                                                        NOPX
.delay_slot
.swstall delay_slot
         276    0x00 0x00 0x00 0x00 0x00 0x00 0x00 0x00 0x00 0x00 0x01 0x37                      NOPA;                         NOPB;                         NOPS;                         NOPX
.return_address
.no_stack_arguments
         288    0x00 0x00 0xe0 0x00 0x01 0x15                                                                                                                                              JL #448
.delay_slot
         294    0x00 0x07 0x00 0x68 0x00 0x55                                                                                                                                              MOVXM p0, #459776
.delay_slot
         300    0x00 0x07 0x82 0x60 0x00 0x55                                                                                                                                              MOVXM p1, #491520
.delay_slot
.swstall delay_slot
         306    0x00 0x01                                                                        NOPX
.delay_slot
.swstall delay_slot
         308    0x00 0x01                                                                        NOPX
.delay_slot
.swstall delay_slot
         310    0x00 0x00 0x00 0x00 0x00 0x00 0x00 0x03 0x8e 0xbb                                NOPA;                         NOPB;                                                                                     NOPM
.return_address
.no_stack_arguments
         320    0x00 0x00 0xd0 0x00 0x01 0x15                                                                                                                                              JL #416
.delay_slot
         326    0x00 0x00 0x06 0x08 0x20 0x03 0xc8 0x43                                                                                                                                    MOVX r0, #48;                 MOV r1, #1
.delay_slot
.swstall delay_slot
         334    0x00 0x01                                                                        NOPX
.delay_slot
.swstall delay_slot
         336    0x00 0x01                                                                        NOPX
.delay_slot
.swstall delay_slot
         338    0x00 0x01                                                                        NOPX
.delay_slot
.swstall delay_slot
         340    0x00 0x00 0x00 0x00 0x00 0x00 0x00 0x00 0x00 0x00 0x01 0x37                      NOPA;                         NOPB;                         NOPS;                         NOPX
.return_address
         352    0x07 0xff 0xc2 0xd9                                                              LDA lr, [sp, #-4]
.tail_call
         356    0x00 0x00 0xd0 0x00 0x00 0x95                                                                                                                                              J #416
.delay_slot
.swstall delay_slot
         362    0x00 0x01                                                                        NOPX
.delay_slot
.swstall delay_slot
         364    0x00 0x01                                                                        NOPX
.delay_slot
.swstall delay_slot
         366    0x00 0x01                                                                        NOPX
.delay_slot
.swstall delay_slot
         368    0x00 0x01                                                                        NOPX
.delay_slot
         370    0x00 0x00 0x07 0xff 0xe0 0x00 0xcd 0x04 0x00 0x79 0x00 0x00 0x00 0x7f            NOPA;                         PADDB [sp], #-32;             NOPS;                         MOVX r0, #51;                 MOV r1, #1
.label core_0_2__end
.label llvm___aie2___acquire
.function_start
         384    0x10 0x12 0x12 0x19                                                                                                                                                        ACQ r0, r1
         388    0x10 0x00 0x18 0x19                                                                                                                                                        RET lr
.delay_slot
.swstall delay_slot
         392    0x00 0x01                                                                        NOPX
.delay_slot
.swstall delay_slot
         394    0x00 0x01                                                                        NOPX
.delay_slot
.swstall delay_slot
         396    0x00 0x01                                                                        NOPX
.delay_slot
.swstall delay_slot
         398    0x00 0x01                                                                        NOPX
.delay_slot
.swstall delay_slot
         400    0x00 0x00 0x00 0x00 0x00 0x00 0x00 0x00 0x00 0x00 0x00 0x03 0x88 0x00 0x03 0xc0  NOPA;                         NOPB;                         NOPS;                         NOPX;                         NOPM;                                   NOPV
.label llvm___aie2___acquire__end
.label llvm___aie2___release
.function_start
         416    0x10 0x10 0x12 0x19                                                                                                                                                        REL r0, r1
         420    0x10 0x00 0x18 0x19                                                                                                                                                        RET lr
.delay_slot
.swstall delay_slot
         424    0x00 0x01                                                                        NOPX
.delay_slot
.swstall delay_slot
         426    0x00 0x01                                                                        NOPX
.delay_slot
.swstall delay_slot
         428    0x00 0x01                                                                        NOPX
.delay_slot
.swstall delay_slot
         430    0x00 0x01                                                                        NOPX
.delay_slot
.swstall delay_slot
         432    0x00 0x00 0x00 0x00 0x00 0x00 0x00 0x00 0x00 0x00 0x00 0x03 0x88 0x00 0x03 0xc0  NOPA;                         NOPB;                         NOPS;                         NOPX;                         NOPM;                                   NOPV
.label llvm___aie2___release__end
.label test_kernel
.function_start
         448    0x00 0x03 0xc2 0x32 0x76 0x45                                                                                  PADDB [sp], #192;                                                                         MOV p2, p1
         454    0x0f 0xff 0x42 0x99                                                                                                                          ST lr, [sp, #-8]
         458    0x0f 0xff 0xf6 0x99                                                                                                                          ST p6, [sp, #-4]
         462    0x0f 0xfe 0xfe 0x99                                                                                                                          ST p7, [sp, #-12]
.no_stack_arguments
         466    0xff 0xca 0xd0 0x00 0x00 0x68 0x00 0x00 0x41 0x3b                                                                                            ST p2, [sp, #-16];            JL #832
.delay_slot
         476    0x19 0x3c 0xf6 0x59                                                                                                                                                                                      MOV p1, sp
.delay_slot
         480    0x1a 0x30 0x76 0x59                                                                                                                                                                                      MOV p2, p0
.delay_slot
         484    0x01 0xf7 0x16 0x32 0x76 0x45                                                                                  PADDB [p1], #-96;                                                                         MOV p6, p1
.delay_slot
         490    0x00 0x00 0x07 0xfd 0xce 0xb5                                                    NOPA;                                                       ST p1, [sp, #-20]
.delay_slot
         496    0x00 0x00 0x00 0x00 0x00 0x00 0x00 0x02 0x00 0x0b 0x9a 0x3b 0x28 0x00 0x03 0xc0  NOPA;                         NOPB;                         NOPS;                         MOVX r0, #64;                 MOV p7, p2;                             NOPV
.return_address
.no_stack_arguments
         512    0x00 0x01 0xa0 0x00 0x01 0x15                                                                                                                                              JL #832
.delay_slot
         518    0x07 0x0b 0x11 0x3c 0x76 0x45                                                                                  PADDB [p7], #64;                                                                          MOV p1, p6
.delay_slot
         524    0x01 0xf3 0xf0 0x00 0x00 0x89 0x1f 0x3b 0x28 0x3b                                                              PADDB [p1], #-100;                                          MOVX r0, #4;                  MOV p2, p7
.delay_slot
.swstall delay_slot
         534    0x00 0x01                                                                        NOPX
.delay_slot
.swstall delay_slot
         536    0x00 0x01                                                                        NOPX
.delay_slot
.swstall delay_slot
         538    0x00 0x00 0x00 0x00 0x00 0x7d                                                    NOPA;                         NOPB
.return_address
         544    0x07 0xfd 0xfe 0xd9                                                              LDA p7, [sp, #-20]
         548    0x07 0xf3 0xf0 0x59                                                              LDA r24, [sp, #-100]
         552    0x07 0xfe 0xc1 0xd9                                                              VLDA wl0, [sp, #-96]
         556    0x07 0xfe 0x4e 0xd9                                                              LDA p1, [sp, #-16]
         560    0x00 0x01                                                                        NOPX
         562    0x00 0x01                                                                        NOPX
         564    0x00 0x01                                                                        NOPX
         566    0x3f 0x2c 0x28 0x19                                                                                            VLDB wh0, [p7, #32]
         570    0x00 0x01                                                                        NOPX
         572    0x00 0x01                                                                        NOPX
         574    0x00 0x01                                                                        NOPX
         576    0x00 0x01                                                                        NOPX
.no_stack_arguments
         578    0x00 0x01 0xa0 0x00 0x01 0x15                                                                                                                                              JL #832
.delay_slot
.swstall delay_slot
         584    0x00 0x01                                                                        NOPX
.delay_slot
         586    0x06 0xeb 0x10 0x4c 0x07 0x25                                                                                  PADDB [p6], #-192;                                                                        VEXTBCST.32 x0, x0, r24
.delay_slot
         592    0x1a 0x3c 0x76 0x59                                                                                                                                                                                      MOV p2, p6
.delay_slot
         596    0x0a 0x06 0x83 0xd9                                                                                                                          VST wh0, [p2, #32]
.delay_slot
         600    0xff 0xa8 0x38 0x00 0x00 0x40 0x01 0x53                                                                        NOPB;                         VST wl0, [sp, #-192];         MOVX r0, #64
.return_address
         608    0x07 0xff 0x42 0xd9                                                              LDA lr, [sp, #-8]
         612    0x07 0xff 0xf6 0xd9                                                              LDA p6, [sp, #-4]
         616    0x07 0xfe 0xfe 0xd9                                                              LDA p7, [sp, #-12]
         620    0x00 0x01                                                                        NOPX
         622    0x00 0x01                                                                        NOPX
         624    0x00 0x01                                                                        NOPX
         626    0x00 0x01                                                                        NOPX
         628    0x10 0x00 0x18 0x19                                                                                                                                                        RET lr
.delay_slot
.swstall delay_slot
         632    0x00 0x01                                                                        NOPX
.delay_slot
.swstall delay_slot
         634    0x00 0x01                                                                        NOPX
.delay_slot
.swstall delay_slot
         636    0x00 0x01                                                                        NOPX
.delay_slot
.swstall delay_slot
         638    0x00 0x01                                                                        NOPX
.delay_slot
         640    0xff 0xe8 0x00 0x00 0x00 0x00 0x00 0x00 0x00 0x00 0x00 0x03 0x88 0x00 0x03 0xc0  NOPA;                         PADDB [sp], #-192;            NOPS;                         NOPX;                         NOPM;                                   NOPV
.label test_kernel__end
.label _fini
.function_start
         656    0x00 0x00 0x00 0x00 0x00 0x55                                                                                                                                              MOVXM r0, #0
         662    0x00 0x00 0x0c 0x00 0x00 0x55                                                                                                                                              MOVXM r24, #0
         668    0x16 0x32 0x07 0x99                                                                                                                                                        EQ r25, r24, r0
         672    0xc8 0x01 0x88 0x40 0x01 0x95                                                                                                                                              JNZ r25, #784
.delay_slot
         678    0x38 0x03 0x20 0x19                                                                                            PADDB [sp], #32
.delay_slot
         682    0x0f 0xff 0x64 0x19                                                                                                                          ST r18, [sp, #-8]
.delay_slot
         686    0x0f 0xff 0xe2 0x19                                                                                                                          ST r17, [sp, #-4]
.delay_slot
         690    0xff 0xdc 0xc0 0x02 0x27 0x3b 0x20 0x03                                                                                                      ST r19, [sp, #-12];                                         MOV r17, p7
.delay_slot
         698    0xff 0xc8 0x50 0x03 0x9e 0x0b 0x20 0x03                                                                                                      ST lr, [sp, #-16];                                          MOV p7, r24
         706    0x00 0x00 0x00 0x00 0x00 0x00 0x00 0x4c 0x00 0x02 0x00 0x00 0x00 0x7f            NOPA;                         NOPB;                         NOPS;                         MOVXM r19, #0
.label TGT_F_fini_64
.loop_nesting 1
         720    0x07 0x03 0x86 0xd9                                                              LDA p0, [p7], #4
         724    0x00 0x01                                                                        NOPX
         726    0x00 0x01                                                                        NOPX
         728    0x00 0x01                                                                        NOPX
         730    0x00 0x01                                                                        NOPX
         732    0x00 0x01                                                                        NOPX
         734    0x00 0x01                                                                        NOPX
.no_stack_arguments
         736    0x10 0x00 0x14 0x19                                                                                                                                                        JL p0
.delay_slot
         740    0x1c 0x8e 0x76 0x59                                                                                                                                                                                      MOV r18, p7
.delay_slot
.swstall delay_slot
         744    0x00 0x01                                                                        NOPX
.delay_slot
.swstall delay_slot
         746    0x00 0x01                                                                        NOPX
.delay_slot
.swstall delay_slot
         748    0x00 0x01                                                                        NOPX
.delay_slot
.swstall delay_slot
         750    0x00 0x01                                                                        NOPX
.return_address
         752    0x14 0xf1 0x28 0x99                                                                                                                                                        NE r24, r19, r18
         756    0xc0 0x01 0x68 0x40 0x01 0x95                                                                                                                                              JNZ r24, #720
.delay_slot
.swstall delay_slot
         762    0x00 0x01                                                                        NOPX
.delay_slot
.swstall delay_slot
         764    0x00 0x01                                                                        NOPX
.delay_slot
.swstall delay_slot
         766    0x00 0x01                                                                        NOPX
.delay_slot
.swstall delay_slot
         768    0x00 0x01                                                                        NOPX
.delay_slot
.swstall delay_slot
         770    0x00 0x00 0x00 0x00 0x00 0x00 0x00 0x40 0x00 0x38 0x00 0x00 0x78 0x2f            NOPA;                                                       NOPS;                                                       NOPM;                                   NOPV
.label TGT_F_fini_128
.loop_nesting 0
         784    0x07 0xfe 0x42 0xd9                                                              LDA lr, [sp, #-16]
.aggressive_scheduled_block_id 1
.aggressive_scheduled_block_id first
         788    0x07 0xff 0x64 0x59                                                              LDA r18, [sp, #-8]
.aggressive_scheduled_block_id 1
.noswbrkpt
         792    0x07 0xff 0xe2 0x59                                                              LDA r17, [sp, #-4]
.aggressive_scheduled_block_id 1
.nohwbrkpt
.noswbrkpt
         796    0x07 0xfe 0xe6 0x59                                                              LDA r19, [sp, #-12]
.aggressive_scheduled_block_id 1
.nohwbrkpt
.noswbrkpt
         800    0x00 0x01                                                                        NOPX
.aggressive_scheduled_block_id 1
.nohwbrkpt
.noswbrkpt
         802    0x00 0x01                                                                        NOPX
.aggressive_scheduled_block_id 1
.nohwbrkpt
.noswbrkpt
         804    0x00 0x01                                                                        NOPX
.aggressive_scheduled_block_id 1
.nohwbrkpt
.noswbrkpt
         806    0x10 0x00 0x18 0x19                                                                                                                                                        RET lr
.delay_slot
.aggressive_scheduled_block_id 1
.aggressive_scheduled_block_id last
.nohwbrkpt
.noswbrkpt
         810    0x07 0xff 0xe7 0x38 0x96 0x45                                                                                  PADDB [sp], #-32;                                                                         MOV p7, r17
.delay_slot
.swstall delay_slot
         816    0x00 0x01                                                                        NOPX
.delay_slot
.swstall delay_slot
         818    0x00 0x01                                                                        NOPX
.delay_slot
.swstall delay_slot
         820    0x00 0x01                                                                        NOPX
.delay_slot
.swstall delay_slot
         822    0x00 0x00 0x00 0x00 0x00 0x00 0x00 0x03 0x8e 0xbb                                NOPA;                         NOPB;                                                                                     NOPM
.label _fini__end
.label memcpy
.function_start
         832    0x00 0x01 0xf0 0x00 0x01 0x95                                                                                                                                              JZ r0, #992
.delay_slot
         838    0x18 0x32 0x76 0x59                                                                                                                                                                                      MOV p0, p1
.delay_slot
.swstall delay_slot
         842    0x00 0x01                                                                        NOPX
.delay_slot
.swstall delay_slot
         844    0x00 0x01                                                                        NOPX
.delay_slot
.swstall delay_slot
         846    0x00 0x01                                                                        NOPX
.delay_slot
.swstall delay_slot
         848    0x00 0x01                                                                        NOPX
         850    0x1d 0x70 0x16 0x59                                                                                                                                                                                      MOV lc, r0
         854    0x00 0x00 0x00 0xe6 0xe0 0x55                                                                                                                                              MOVXM ls, #880
         860    0x00 0x00 0x08 0xe7 0xa0 0x55                                                                                                                                              MOVXM le, #976
         866    0x00 0x00 0x00 0x00 0x00 0x00 0x00 0x49 0x83 0xb2 0x00 0x00 0x78 0x2f            NOPA;                                                       NOPS;                                                       MOV p1, p0;                             NOPV
.label ZLS_Fmemcpy_48
.loop_nesting 1
.begin_of_loop
         880    0x02 0x14 0x31 0xd9                                                              LDA.s8 r24, [p2], #1
         884    0x22 0xa6 0x00 0x00 0x00 0x00 0x00 0x00 0x00 0x00 0x01 0x37                      ST.s8 r24, [p1], #1;          NOPB;                         NOPS;                         NOPX
         896    0x00 0x00 0x00 0x00 0x00 0x00 0x00 0x00 0x00 0x00 0x00 0x03 0x88 0x00 0x03 0xc0  NOPA;                         NOPB;                         NOPS;                         NOPX;                         NOPM;                                   NOPV
         912    0x00 0x00 0x00 0x00 0x00 0x00 0x00 0x00 0x00 0x00 0x00 0x03 0x88 0x00 0x03 0xc0  NOPA;                         NOPB;                         NOPS;                         NOPX;                         NOPM;                                   NOPV
         928    0x00 0x00 0x00 0x00 0x00 0x00 0x00 0x00 0x00 0x00 0x00 0x03 0x88 0x00 0x03 0xc0  NOPA;                         NOPB;                         NOPS;                         NOPX;                         NOPM;                                   NOPV
         944    0x00 0x00 0x00 0x00 0x00 0x00 0x00 0x00 0x00 0x00 0x00 0x03 0x88 0x00 0x03 0xc0  NOPA;                         NOPB;                         NOPS;                         NOPX;                         NOPM;                                   NOPV
         960    0x00 0x00 0x00 0x00 0x00 0x00 0x00 0x00 0x00 0x00 0x00 0x03 0x88 0x00 0x03 0xc0  NOPA;                         NOPB;                         NOPS;                         NOPX;                         NOPM;                                   NOPV
.label ZLE_Fmemcpy_144
.end_of_loop
         976    0x00 0x00 0x00 0x00 0x00 0x00 0x00 0x00 0x00 0x00 0x00 0x03 0x88 0x00 0x03 0xc0  NOPA;                         NOPB;                         NOPS;                         NOPX;                         NOPM;                                   NOPV
.label TGT_Fmemcpy_160
.loop_nesting 0
         992    0x10 0x00 0x18 0x19                                                                                                                                                        RET lr
.delay_slot
.swstall delay_slot
         996    0x00 0x01                                                                        NOPX
.delay_slot
.swstall delay_slot
         998    0x00 0x01                                                                        NOPX
.delay_slot
.swstall delay_slot
        1000    0x00 0x01                                                                        NOPX
.delay_slot
.swstall delay_slot
        1002    0x00 0x01                                                                        NOPX
.delay_slot
.swstall delay_slot
        1004    0x00 0x00 0x00 0x19                                                              NOPA
.label memcpy__end
.label __cxa_finalize
.function_start
        1008    0xff 0xa0 0x48 0x03 0x20 0x00 0x01 0xc0 0x1a 0x32 0x10 0xb7                      MOVA r1, #-3;                 PADDB [sp], #32;                                            MOVXM p0, #459876
        1020    0x00 0x50 0xcf 0xff 0xc0 0x00 0x01 0x0a 0x03 0x1b 0x28 0x77                      LDA r3, [p0, #0];                                           ST r0, [sp, #-4];             MOVX r0, #8;                  MOV r16, crRnd
        1032    0x00 0x50 0x00 0x00 0x01 0xc0 0x42 0x22 0x11 0x3b                                                                                            ST r0, [p0, #0];              MOVXM r2, #459844
        1042    0xff 0xe8 0x50 0x00 0x00 0x03 0x1a 0x28 0x11 0x3b                                                                                            ST lr, [sp, #-8];             MOVXM p6, #1104
        1052    0x1c 0x40 0x36 0x59                                                                                                                                                                                      MOV r17, crVaddSign
        1056    0x1c 0x8b 0x36 0x59                                                                                                                                                                                      MOV r18, crUnpackSign
        1060    0x1c 0xca 0x36 0x59                                                                                                                                                                                      MOV r19, crUPSSign
        1064    0x1d 0x05 0x36 0x59                                                                                                                                                                                      MOV r20, crPackSign
        1068    0x00 0x06 0x0f 0x1a 0xa4 0x9b 0x28 0x43                                                                                                                                    ADD r0, r3, #-8;              MOV r21, crSat
        1076    0x00 0x00 0x00 0x00 0x00 0x04 0x20 0x06 0xc4 0x1b 0x28 0xb7                      NOPA;                         NOPB;                                                       ADD r2, r2, r0;               MOV r22, crSRSSign
        1088    0x00 0x00 0x00 0x00 0x00 0x00 0x00 0x01 0x70 0xf7 0x98 0x8b 0x28 0x00 0x03 0xc0  NOPA;                         NOPB;                         NOPS;                         ASHL r23, r0, r1;             MOV p7, r2;                             NOPV
.label TGT_F__cxa_finalize_96
.loop_nesting 1
        1104    0x07 0x03 0x8e 0xd9                                                              LDA p1, [p7], #4
        1108    0x07 0xfb 0x86 0xd9                                                              LDA p0, [p7], #-12
        1112    0x00 0x01                                                                        NOPX
        1114    0x00 0x01                                                                        NOPX
        1116    0x00 0x01                                                                        NOPX
        1118    0x00 0x01                                                                        NOPX
        1120    0x00 0x01                                                                        NOPX
.no_stack_arguments
        1122    0x10 0x00 0x54 0x19                                                                                                                                                        JL p1
.delay_slot
.swstall delay_slot
        1126    0x00 0x01                                                                        NOPX
.delay_slot
.swstall delay_slot
        1128    0x00 0x01                                                                        NOPX
.delay_slot
.swstall delay_slot
        1130    0x00 0x01                                                                        NOPX
.delay_slot
.swstall delay_slot
        1132    0x00 0x01                                                                        NOPX
.delay_slot
.swstall delay_slot
        1134    0x00 0x01                                                                        NOPX
.return_address
        1136    0x15 0xef 0x8c 0x19                                                                                                                                                        JNZD r23, r23, p6
.delay_slot
.swstall delay_slot
        1140    0x00 0x01                                                                        NOPX
.delay_slot
.swstall delay_slot
        1142    0x00 0x01                                                                        NOPX
.delay_slot
.swstall delay_slot
        1144    0x00 0x01                                                                        NOPX
.delay_slot
.swstall delay_slot
        1146    0x00 0x01                                                                        NOPX
.delay_slot
.swstall delay_slot
        1148    0x00 0x01                                                                        NOPX
.loop_nesting 0
        1150    0x07 0xff 0x42 0xd9                                                              LDA lr, [sp, #-8]
        1154    0x07 0xff 0xc0 0x59                                                              LDA r0, [sp, #-4]
        1158    0x00 0x01                                                                        NOPX
        1160    0x00 0x01                                                                        NOPX
        1162    0x00 0x01                                                                        NOPX
        1164    0x00 0x01                                                                        NOPX
        1166    0x00 0x01                                                                        NOPX
        1168    0x10 0x00 0x18 0x19                                                                                                                                                        RET lr
.delay_slot
.swstall delay_slot
        1172    0x00 0x01                                                                        NOPX
.delay_slot
        1174    0x15 0xa0 0x20 0x19                                                                                                                                                        MOVX crSRSSign, r22
.delay_slot
        1178    0x00 0x2b 0x21 0x01 0x4d 0x0b 0x28 0x43                                                                                                                                    MOVX crSat, r21;              MOV crPackSign, r20
.delay_slot
        1186    0x00 0x00 0x00 0x00 0x04 0xe8 0x20 0x59 0x91 0x65 0x00 0x00 0x00 0x7f            NOPA;                         NOPB;                         NOPS;                         MOVX crUPSSign, r19;          MOV crUnpackSign, r18
.delay_slot
        1200    0xff 0xfc 0x00 0x00 0x00 0x00 0x00 0x20 0xc1 0x00 0x0c 0x4b 0x28 0x00 0x03 0xc0  NOPA;                         PADDB [sp], #-32;             NOPS;                         MOVX crRnd, r16;              MOV crVaddSign, r17;                    NOPV
.label __cxa_finalize__end

.data_segment DMb 459844
.label _ZL7atexits
	0x90
	0x2
	0x0
	0x0
	0x0
	0x0
	0x0
	0x0
	0x0
	0x0
	0x0
	0x0
	0x0
	0x0
	0x0
	0x0
	0x0
	0x0
	0x0
	0x0
	0x0
	0x0
	0x0
	0x0
	0x0
	0x0
	0x0
	0x0
	0x0
	0x0
	0x0
	0x0
.label _ZL10atexit_cnt
	0x8
	0x0
	0x0
	0x0

.stack DM_stack 458752 459776
