
// File generated by darts version V-2024.06#8be6237c82#250729, Mon Mar 16 16:22:26 2026
// Copyright 2014-2024 Synopsys, Inc. All rights reserved.
// darts -I/home/triple/npu-work/amd-unified-software/aietools/data/aie_ml/lib -d -h -I/home/triple/npu-work/amd-unified-software/aietools/include -I/home/triple/npu-work/amd-unified-software/aietools/data/aie_ml/lib/runtime_cxx/libcxx-lite/include -I/home/triple/npu-work/amd-unified-software/aietools/data/aie_ml/lib/runtime_cxx/libs/libcxx-16/include -I/home/triple/npu-work/amd-unified-software/aietools/data/aie_ml/lib/runtime_cxx/libs/libcxxabi-16/include -I/home/triple/npu-work/amd-unified-software/aietools/data/aie_ml/lib/runtime/include -I/home/triple/npu-work/aietools/tps/boost_1_64_0 -D__AIENGINE__ -D__AIE_ARCH__=20 -D__AIEARCH__=20 -D__tct_tgt__=250729 -L +Ihex +nanno aie.mlir.prj/main_core_0_2.o me

// Release: ipp V-2024.06-TGT-250729
.undef global data _ZN12me_primitive11control_satE

.undef global data _ZN12me_primitive11control_rndE

.undef global data of_in_cons_buff_0

.undef global data of_out_buff_0

.text_segment_name
.text global 16 core_0_2
.function_start
	     0    0x38 0x03 0x20 0x19                                                                                            PADDB [sp], #32
	     4    0x0f 0xff 0xc2 0x99                                                                                                                          ST lr, [sp, #-4]
.no_stack_arguments
	     8    0x00 0x00 0x00 0x00 0x01 0x15                                                                                                                                              JL #llvm___aie2___acquire
.delay_slot
	    14    0x00 0x00 0x06 0x28 0x27 0xff 0xc8 0x43                                                                                                                                    MOVX r0, #49;                 MOV r1, #-1
.delay_slot
.swstall delay_slot
	    22    0x00 0x01                                                                        NOPX
.delay_slot
.swstall delay_slot
	    24    0x00 0x01                                                                        NOPX
.delay_slot
.swstall delay_slot
	    26    0x00 0x01                                                                        NOPX
.delay_slot
.swstall delay_slot
	    28    0x00 0x00 0x00 0x19                                                              NOPA
.return_address
.no_stack_arguments
	    32    0x00 0x00 0x00 0x00 0x01 0x15                                                                                                                                              JL #llvm___aie2___acquire
.delay_slot
	    38    0x00 0x00 0x06 0x48 0x27 0xff 0xc8 0x43                                                                                                                                    MOVX r0, #50;                 MOV r1, #-1
.delay_slot
.swstall delay_slot
	    46    0x00 0x01                                                                        NOPX
.delay_slot
.swstall delay_slot
	    48    0x00 0x01                                                                        NOPX
.delay_slot
.swstall delay_slot
	    50    0x00 0x01                                                                        NOPX
.delay_slot
.swstall delay_slot
	    52    0x00 0x00 0x00 0x00 0x00 0x00 0x00 0x00 0x00 0x00 0x01 0x37                      NOPA;                         NOPB;                         NOPS;                         NOPX
.return_address
.no_stack_arguments
	    64    0x00 0x00 0x00 0x00 0x01 0x15                                                                                                                                              JL #test_kernel
.delay_slot
	    70    0x00 0x00 0x00 0x60 0x00 0x55                                                                                                                                              MOVXM p0, #of_in_cons_buff_0
.delay_slot
	    76    0x00 0x00 0x02 0x60 0x00 0x55                                                                                                                                              MOVXM p1, #of_out_buff_0
.delay_slot
.swstall delay_slot
	    82    0x00 0x01                                                                        NOPX
.delay_slot
.swstall delay_slot
	    84    0x00 0x01                                                                        NOPX
.delay_slot
.swstall delay_slot
	    86    0x00 0x00 0x00 0x00 0x00 0x00 0x00 0x03 0x8e 0xbb                                NOPA;                         NOPB;                                                                                     NOPM
.return_address
.no_stack_arguments
	    96    0x00 0x00 0x00 0x00 0x01 0x15                                                                                                                                              JL #llvm___aie2___release
.delay_slot
	   102    0x00 0x00 0x06 0x08 0x20 0x03 0xc8 0x43                                                                                                                                    MOVX r0, #48;                 MOV r1, #1
.delay_slot
.swstall delay_slot
	   110    0x00 0x01                                                                        NOPX
.delay_slot
.swstall delay_slot
	   112    0x00 0x01                                                                        NOPX
.delay_slot
.swstall delay_slot
	   114    0x00 0x01                                                                        NOPX
.delay_slot
.swstall delay_slot
	   116    0x00 0x00 0x00 0x00 0x00 0x00 0x00 0x00 0x00 0x00 0x01 0x37                      NOPA;                         NOPB;                         NOPS;                         NOPX
.return_address
	   128    0x07 0xff 0xc2 0xd9                                                              LDA lr, [sp, #-4]
.tail_call
	   132    0x00 0x00 0x00 0x00 0x00 0x95                                                                                                                                              J #llvm___aie2___release
.delay_slot
.swstall delay_slot
	   138    0x00 0x01                                                                        NOPX
.delay_slot
.swstall delay_slot
	   140    0x00 0x01                                                                        NOPX
.delay_slot
.swstall delay_slot
	   142    0x00 0x01                                                                        NOPX
.delay_slot
.swstall delay_slot
	   144    0x00 0x01                                                                        NOPX
.label core_0_2__end last
.delay_slot
	   146    0x00 0x00 0x07 0xff 0xe0 0x00 0xcd 0x04 0x00 0x79 0x00 0x00 0x00 0x7f            NOPA;                         PADDB [sp], #-32;             NOPS;                         MOVX r0, #51;                 MOV r1, #1

.undef global data of_in_cons_buff_0

.undef global data of_out_buff_0

.undef global text llvm___aie2___acquire

.undef global text test_kernel

.undef global text llvm___aie2___release

.text_segment_name
.text global 10 llvm___aie2___acquire
.function_start
	     0    0x10 0x12 0x12 0x19                                                                                                                                                        ACQ r0, r1
	     4    0x10 0x00 0x18 0x19                                                                                                                                                        RET lr
.delay_slot
.swstall delay_slot
	     8    0x00 0x01                                                                        NOPX
.delay_slot
.swstall delay_slot
	    10    0x00 0x01                                                                        NOPX
.delay_slot
.swstall delay_slot
	    12    0x00 0x01                                                                        NOPX
.delay_slot
.swstall delay_slot
	    14    0x00 0x01                                                                        NOPX
.label llvm___aie2___acquire__end last
.delay_slot
.swstall delay_slot
	    16    0x00 0x00 0x00 0x00 0x00 0x00 0x00 0x00 0x00 0x00 0x00 0x03 0x88 0x00 0x03 0xc0  NOPA;                         NOPB;                         NOPS;                         NOPX;                         NOPM;                                   NOPV

.text_segment_name
.text global 10 llvm___aie2___release
.function_start
	     0    0x10 0x10 0x12 0x19                                                                                                                                                        REL r0, r1
	     4    0x10 0x00 0x18 0x19                                                                                                                                                        RET lr
.delay_slot
.swstall delay_slot
	     8    0x00 0x01                                                                        NOPX
.delay_slot
.swstall delay_slot
	    10    0x00 0x01                                                                        NOPX
.delay_slot
.swstall delay_slot
	    12    0x00 0x01                                                                        NOPX
.delay_slot
.swstall delay_slot
	    14    0x00 0x01                                                                        NOPX
.label llvm___aie2___release__end last
.delay_slot
.swstall delay_slot
	    16    0x00 0x00 0x00 0x00 0x00 0x00 0x00 0x00 0x00 0x00 0x00 0x03 0x88 0x00 0x03 0xc0  NOPA;                         NOPB;                         NOPS;                         NOPX;                         NOPM;                                   NOPV

.text_segment_name
.text global 10 llvm___aie___event0
.function_start
	     0    0x10 0x00 0x18 0x19                                                                                                                                                        RET lr
.delay_slot
	     4    0x10 0x00 0x10 0x19                                                                                                                                                        EVENT #0
.delay_slot
.swstall delay_slot
	     8    0x00 0x01                                                                        NOPX
.delay_slot
.swstall delay_slot
	    10    0x00 0x01                                                                        NOPX
.delay_slot
.swstall delay_slot
	    12    0x00 0x01                                                                        NOPX
.label llvm___aie___event0__end last
.delay_slot
.swstall delay_slot
	    14    0x00 0x01                                                                        NOPX

.text_segment_name
.text global 10 llvm___aie___event1
.function_start
	     0    0x10 0x00 0x18 0x19                                                                                                                                                        RET lr
.delay_slot
	     4    0x12 0x00 0x10 0x19                                                                                                                                                        EVENT #1
.delay_slot
.swstall delay_slot
	     8    0x00 0x01                                                                        NOPX
.delay_slot
.swstall delay_slot
	    10    0x00 0x01                                                                        NOPX
.delay_slot
.swstall delay_slot
	    12    0x00 0x01                                                                        NOPX
.label llvm___aie___event1__end last
.delay_slot
.swstall delay_slot
	    14    0x00 0x01                                                                        NOPX

