
// File generated by darts version V-2024.06#8be6237c82#250729, Wed Mar 11 01:01:52 2026
// Copyright 2014-2024 Synopsys, Inc. All rights reserved.
// darts -I/home/triple/npu-work/aietools/data/aie_ml/lib -d -h -I/home/triple/npu-work/aietools/include -I/home/triple/npu-work/aietools/data/aie_ml/lib/runtime_cxx/libcxx-lite/include -I/home/triple/npu-work/aietools/data/aie_ml/lib/runtime_cxx/libs/libcxx-16/include -I/home/triple/npu-work/aietools/data/aie_ml/lib/runtime_cxx/libs/libcxxabi-16/include -I/home/triple/npu-work/aietools/data/aie_ml/lib/runtime/include -I/home/triple/npu-work/aietools/tps/boost_1_64_0 -D__AIENGINE__ -D__AIE_ARCH__=20 -D__AIEARCH__=20 -D__tct_tgt__=250729 -L +Ihex +nanno aie_traced.mlir.prj/main_core_0_2.o me

// Release: ipp V-2024.06-TGT-250729
.undef global data _ZN12me_primitive11control_satE

.undef global data _ZN12me_primitive11control_rndE

.undef global data objFifo_out1_buff_1

.undef global data objFifo_out1_buff_0

.undef global data objFifo_in1_cons_buff_1

.undef global data objFifo_in1_cons_buff_0

.text_segment_name
.text global 16 core_0_2
.function_start
	     0    0x00 0x03 0x40 0x00 0x00 0x01 0x10 0x00 0x10 0x3b                                                              PADDB [sp], #64;                                            MOVXM dn0, #objFifo_in1_cons_buff_0
	    10    0xff 0xfe 0xd0 0x00 0x00 0x03 0x18 0x00 0x11 0x3b                                                                                            ST p6, [sp, #-4];             MOVXM p6, #objFifo_in1_cons_buff_1
	    20    0xff 0x8d 0xc0 0x00 0x00 0x02 0xe0 0x00 0x11 0x3b                                                                                            ST r23, [sp, #-32];           MOVXM r23, #objFifo_out1_buff_0
	    30    0xff 0x9c 0x40 0x22 0x0d 0x3d                                                                                                                ST r17, [sp, #-28];           MOVX r17, #3
	    36    0xff 0x7c 0x00 0x00 0x00 0x02 0x00 0x00 0x11 0x3b                                                                                            ST r16, [sp, #-36];           MOVXM r16, #objFifo_out1_buff_1
	    46    0x0f 0xff 0x7e 0x99                                                                                                                          ST p7, [sp, #-8]
	    50    0x0f 0xfe 0x68 0x19                                                                                                                          ST r20, [sp, #-16]
	    54    0x0f 0xfd 0x6c 0x19                                                                                                                          ST r22, [sp, #-24]
	    58    0x0f 0xfb 0x6a 0x19                                                                                                                          ST r21, [sp, #-40]
	    62    0x0f 0xfe 0xe6 0x19                                                                                                                          ST r19, [sp, #-12]
	    66    0x0f 0xfd 0xe4 0x19                                                                                                                          ST r18, [sp, #-20]
	    70    0x0f 0xfa 0xc2 0x99                                                                                                                          ST lr, [sp, #-44]
	    74    0x00 0x00 0x07 0xfa 0x51 0x35                                                    NOPA;                                                       ST dn0, [sp, #-48]
.label TGT_Fcore_0_2_80
.loop_nesting 1
	    80    0x07 0xfa 0x7e 0xd9                                                              LDA p7, [sp, #-48]
.no_stack_arguments
	    84    0x00 0x00 0x00 0x00 0x01 0x15                                                                                                                                              JL #llvm___aie2___acquire
.delay_slot
.swstall delay_slot
	    90    0x00 0x01                                                                        NOPX
.delay_slot
.swstall delay_slot
	    92    0x00 0x01                                                                        NOPX
.delay_slot
.swstall delay_slot
	    94    0x00 0x01                                                                        NOPX
.delay_slot
.swstall delay_slot
	    96    0x00 0x01                                                                        NOPX
.delay_slot
	    98    0x00 0x00 0x00 0x00 0x07 0xc2 0xfd 0x00 0x0c 0x79 0x00 0x00 0x00 0x7f            NOPA;                         NOPB;                         NOPS;                         MOVX r1, #-1;                 MOV r0, #49
.return_address
.no_stack_arguments
	   112    0x00 0x00 0x00 0x00 0x01 0x15                                                                                                                                              JL #llvm___aie2___acquire
.delay_slot
	   118    0x00 0x00 0x06 0x48 0x27 0xff 0xc8 0x43                                                                                                                                    MOVX r0, #50;                 MOV r1, #-1
.delay_slot
.swstall delay_slot
	   126    0x00 0x01                                                                        NOPX
.delay_slot
.swstall delay_slot
	   128    0x00 0x01                                                                        NOPX
.delay_slot
.swstall delay_slot
	   130    0x00 0x01                                                                        NOPX
.delay_slot
.swstall delay_slot
	   132    0x00 0x00 0x00 0x00 0x00 0x00 0x00 0x00 0x00 0x00 0x01 0x37                      NOPA;                         NOPB;                         NOPS;                         NOPX
.return_address
	   144    0xe0 0x76 0x48 0x3b 0x96 0x4d                                                    LDA r25, [p7], #4;                                                                                                      MOV p0, r23
	   150    0x07 0x03 0xbc 0x59                                                              LDA r30, [p7], #4
	   154    0x07 0x03 0xb6 0x59                                                              LDA r27, [p7], #4
	   158    0x07 0x03 0xb4 0x59                                                              LDA r26, [p7], #4
	   162    0x07 0x03 0xb0 0x59                                                              LDA r24, [p7], #4
	   166    0x07 0x03 0xb8 0x59                                                              LDA r28, [p7], #4
	   170    0x07 0x03 0xba 0x59                                                              LDA r29, [p7], #4
	   174    0xfe 0x76 0x4f 0xcc 0x86 0xed                                                    LDA r25, [p7], #-28;                                                                                                    ADD.NC r31, r25, #1
	   180    0x00 0x77 0xc0 0x03 0xc7 0x83 0x70 0x03                                                                                                      ST r31, [p0], #4;                                           ADD.NC r30, r30, #1
	   188    0x00 0x77 0x80 0x03 0x66 0xc3 0x70 0x03                                                                                                      ST r30, [p0], #4;                                           ADD.NC r27, r27, #1
	   196    0x00 0x76 0xc0 0x03 0x46 0x83 0x70 0x03                                                                                                      ST r27, [p0], #4;                                           ADD.NC r26, r26, #1
	   204    0x00 0x76 0x80 0x03 0x06 0x03 0x70 0x03                                                                                                      ST r26, [p0], #4;                                           ADD.NC r24, r24, #1
.no_stack_arguments
	   212    0xff 0x4f 0xd0 0x00 0x00 0x00 0x00 0x00 0x41 0x3b                                                                                            ST p7, [sp, #-48];            JL #llvm___aie2___release
.delay_slot
	   222    0x00 0x76 0x00 0x03 0x07 0x03 0x70 0x03                                                                                                      ST r24, [p0], #4;                                           ADD.NC r24, r28, #1
.delay_slot
	   230    0x00 0x76 0x00 0x03 0x07 0x43 0x70 0x03                                                                                                      ST r24, [p0], #4;                                           ADD.NC r24, r29, #1
.delay_slot
	   238    0x00 0x76 0x00 0x03 0x06 0x43 0x70 0x03                                                                                                      ST r24, [p0], #4;                                           ADD.NC r24, r25, #1
.delay_slot
	   246    0x00 0x00 0x00 0xf3 0xb0 0x00 0x00 0x00 0x00 0x7b                                NOPA;                                                       ST r24, [p0], #-28;           NOPX
.delay_slot
	   256    0x00 0x00 0x00 0x20 0x48 0x00 0x00 0x00 0x06 0x0a 0xe0 0x3b 0x28 0x00 0x03 0xc0  MOVA r1, #1;                  NOPB;                         NOPS;                         MOVX r0, #48;                 MOV r23, p0;                            NOPV
.return_address
.no_stack_arguments
	   272    0x00 0x00 0x00 0x00 0x01 0x15                                                                                                                                              JL #llvm___aie2___release
.delay_slot
	   278    0x00 0x00 0x10 0x28 0x00 0x67 0xc8 0x43                                                                                                                                    MOVX r1, #1;                  MOV r0, #51
.delay_slot
.swstall delay_slot
	   286    0x00 0x01                                                                        NOPX
.delay_slot
.swstall delay_slot
	   288    0x00 0x01                                                                        NOPX
.delay_slot
.swstall delay_slot
	   290    0x00 0x01                                                                        NOPX
.delay_slot
.swstall delay_slot
	   292    0x00 0x00 0x00 0x00 0x00 0x00 0x00 0x00 0x00 0x00 0x01 0x37                      NOPA;                         NOPB;                         NOPS;                         NOPX
.return_address
.no_stack_arguments
	   304    0x00 0x00 0x00 0x00 0x01 0x15                                                                                                                                              JL #llvm___aie2___acquire
.delay_slot
	   310    0x00 0x3e 0x17 0xe8 0x00 0x63 0xc8 0x43                                                                                                                                    MOVX r1, #-1;                 MOV r0, #49
.delay_slot
.swstall delay_slot
	   318    0x00 0x01                                                                        NOPX
.delay_slot
.swstall delay_slot
	   320    0x00 0x01                                                                        NOPX
.delay_slot
.swstall delay_slot
	   322    0x00 0x01                                                                        NOPX
.delay_slot
.swstall delay_slot
	   324    0x00 0x00 0x00 0x00 0x00 0x00 0x00 0x00 0x00 0x00 0x01 0x37                      NOPA;                         NOPB;                         NOPS;                         NOPX
.return_address
.no_stack_arguments
	   336    0x00 0x00 0x00 0x00 0x01 0x15                                                                                                                                              JL #llvm___aie2___acquire
.delay_slot
	   342    0x00 0x00 0x06 0x48 0x27 0xff 0xc8 0x43                                                                                                                                    MOVX r0, #50;                 MOV r1, #-1
.delay_slot
.swstall delay_slot
	   350    0x00 0x01                                                                        NOPX
.delay_slot
.swstall delay_slot
	   352    0x00 0x01                                                                        NOPX
.delay_slot
.swstall delay_slot
	   354    0x00 0x01                                                                        NOPX
.delay_slot
.swstall delay_slot
	   356    0x00 0x00 0x00 0x00 0x00 0x00 0x00 0x00 0x00 0x00 0x01 0x37                      NOPA;                         NOPB;                         NOPS;                         NOPX
.return_address
	   368    0xc0 0x76 0x4f 0x38 0x16 0x4d                                                    LDA r25, [p6], #4;                                                                                                      MOV p7, r16
	   374    0x06 0x03 0xb6 0x59                                                              LDA r27, [p6], #4
	   378    0x06 0x03 0xb8 0x59                                                              LDA r28, [p6], #4
	   382    0x06 0x03 0xb4 0x59                                                              LDA r26, [p6], #4
	   386    0x06 0x03 0xb0 0x59                                                              LDA r24, [p6], #4
	   390    0x06 0x03 0xbc 0x59                                                              LDA r30, [p6], #4
	   394    0x06 0x03 0xba 0x59                                                              LDA r29, [p6], #4
	   398    0xde 0x76 0x4f 0xcc 0x86 0xed                                                    LDA r25, [p6], #-28;                                                                                                    ADD.NC r31, r25, #1
	   404    0xe0 0x77 0xc0 0x03 0x66 0xc3 0x70 0x03                                                                                                      ST r31, [p7], #4;                                           ADD.NC r27, r27, #1
	   412    0xe0 0x76 0xc0 0x03 0x67 0x03 0x70 0x03                                                                                                      ST r27, [p7], #4;                                           ADD.NC r27, r28, #1
	   420    0xe0 0x76 0xc0 0x03 0x46 0x83 0x70 0x03                                                                                                      ST r27, [p7], #4;                                           ADD.NC r26, r26, #1
	   428    0xe0 0x76 0x80 0x03 0x06 0x03 0x70 0x03                                                                                                      ST r26, [p7], #4;                                           ADD.NC r24, r24, #1
.no_stack_arguments
	   436    0x00 0x00 0x00 0x00 0x01 0x15                                                                                                                                              JL #llvm___aie2___release
.delay_slot
	   442    0xe0 0x76 0x00 0x03 0x07 0x83 0x70 0x03                                                                                                      ST r24, [p7], #4;                                           ADD.NC r24, r30, #1
.delay_slot
	   450    0xe0 0x76 0x00 0x03 0x07 0x43 0x70 0x03                                                                                                      ST r24, [p7], #4;                                           ADD.NC r24, r29, #1
.delay_slot
	   458    0xe0 0x76 0x00 0x03 0x06 0x43 0x70 0x03                                                                                                      ST r24, [p7], #4;                                           ADD.NC r24, r25, #1
.delay_slot
	   466    0x0f 0xf3 0xb0 0x19                                                                                                                          ST r24, [p7], #-28
.delay_slot
	   470    0x00 0x20 0x48 0x00 0x06 0x0a 0x07 0x3b 0x28 0xbb                                MOVA r1, #1;                                                                              MOVX r0, #48;                 MOV r16, p7
.return_address
.no_stack_arguments
	   480    0x00 0x00 0x00 0x00 0x01 0x15                                                                                                                                              JL #llvm___aie2___release
.delay_slot
	   486    0x00 0x00 0x0e 0x60 0xa0 0x55                                                                                                                                              MOVXM p7, #(TGT_Fcore_0_2_80 + 0)
.delay_slot
	   492    0x00 0x00 0x06 0x68 0x20 0x03 0xc8 0x43                                                                                                                                    MOVX r0, #51;                 MOV r1, #1
.delay_slot
.swstall delay_slot
	   500    0x00 0x01                                                                        NOPX
.delay_slot
.swstall delay_slot
	   502    0x00 0x01                                                                        NOPX
.delay_slot
.swstall delay_slot
	   504    0x00 0x00 0x00 0x04 0x00 0x00 0x78 0x23                                          NOPA;                                                                                                                                                           NOPV
.return_address
	   512    0x14 0x63 0xcc 0x19                                                                                                                                                        JNZD r17, r17, p7
.delay_slot
.swstall delay_slot
	   516    0x00 0x01                                                                        NOPX
.delay_slot
.swstall delay_slot
	   518    0x00 0x01                                                                        NOPX
.delay_slot
.swstall delay_slot
	   520    0x00 0x01                                                                        NOPX
.delay_slot
.swstall delay_slot
	   522    0x00 0x01                                                                        NOPX
.delay_slot
.swstall delay_slot
	   524    0x00 0x01                                                                        NOPX
.loop_nesting 0
	   526    0x07 0xfa 0xc2 0xd9                                                              LDA lr, [sp, #-44]
	   530    0x07 0xfb 0x6a 0x59                                                              LDA r21, [sp, #-40]
	   534    0x07 0xfc 0x6e 0x59                                                              LDA r23, [sp, #-32]
	   538    0x07 0xfd 0x6c 0x59                                                              LDA r22, [sp, #-24]
	   542    0x07 0xfe 0x68 0x59                                                              LDA r20, [sp, #-16]
	   546    0x07 0xff 0x7e 0xd9                                                              LDA p7, [sp, #-8]
	   550    0x07 0xff 0xf6 0xd9                                                              LDA p6, [sp, #-4]
	   554    0x07 0xfb 0xe0 0x59                                                              LDA r16, [sp, #-36]
	   558    0x07 0xfc 0xe2 0x59                                                              LDA r17, [sp, #-28]
	   562    0x07 0xfd 0xe4 0x59                                                              LDA r18, [sp, #-20]
	   566    0x07 0xfe 0xe6 0x59                                                              LDA r19, [sp, #-12]
	   570    0x10 0x00 0x18 0x19                                                                                                                                                        RET lr
.delay_slot
.swstall delay_slot
	   574    0x00 0x01                                                                        NOPX
.delay_slot
.swstall delay_slot
	   576    0x00 0x01                                                                        NOPX
.delay_slot
.swstall delay_slot
	   578    0x00 0x01                                                                        NOPX
.delay_slot
.swstall delay_slot
	   580    0x00 0x01                                                                        NOPX
.label core_0_2__end last
.delay_slot
	   582    0x00 0x00 0x07 0xff 0xc0 0x00 0x00 0x03 0x8e 0xbb                                NOPA;                         PADDB [sp], #-64;                                                                         NOPM

.undef global data objFifo_in1_cons_buff_0

.undef global data objFifo_out1_buff_0

.undef global data objFifo_in1_cons_buff_1

.undef global data objFifo_out1_buff_1

.undef global text llvm___aie2___acquire

.undef global text llvm___aie2___release

.text_segment_name
.text global 10 llvm___aie2___acquire
.function_start
	     0    0x10 0x12 0x12 0x19                                                                                                                                                        ACQ r0, r1
	     4    0x10 0x00 0x18 0x19                                                                                                                                                        RET lr
.delay_slot
.swstall delay_slot
	     8    0x00 0x01                                                                        NOPX
.delay_slot
.swstall delay_slot
	    10    0x00 0x01                                                                        NOPX
.delay_slot
.swstall delay_slot
	    12    0x00 0x01                                                                        NOPX
.delay_slot
.swstall delay_slot
	    14    0x00 0x01                                                                        NOPX
.label llvm___aie2___acquire__end last
.delay_slot
.swstall delay_slot
	    16    0x00 0x00 0x00 0x00 0x00 0x00 0x00 0x00 0x00 0x00 0x00 0x03 0x88 0x00 0x03 0xc0  NOPA;                         NOPB;                         NOPS;                         NOPX;                         NOPM;                                   NOPV

.text_segment_name
.text global 10 llvm___aie2___release
.function_start
	     0    0x10 0x10 0x12 0x19                                                                                                                                                        REL r0, r1
	     4    0x10 0x00 0x18 0x19                                                                                                                                                        RET lr
.delay_slot
.swstall delay_slot
	     8    0x00 0x01                                                                        NOPX
.delay_slot
.swstall delay_slot
	    10    0x00 0x01                                                                        NOPX
.delay_slot
.swstall delay_slot
	    12    0x00 0x01                                                                        NOPX
.delay_slot
.swstall delay_slot
	    14    0x00 0x01                                                                        NOPX
.label llvm___aie2___release__end last
.delay_slot
.swstall delay_slot
	    16    0x00 0x00 0x00 0x00 0x00 0x00 0x00 0x00 0x00 0x00 0x00 0x03 0x88 0x00 0x03 0xc0  NOPA;                         NOPB;                         NOPS;                         NOPX;                         NOPM;                                   NOPV

.text_segment_name
.text global 10 llvm___aie___event0
.function_start
	     0    0x10 0x00 0x18 0x19                                                                                                                                                        RET lr
.delay_slot
	     4    0x10 0x00 0x10 0x19                                                                                                                                                        EVENT #0
.delay_slot
.swstall delay_slot
	     8    0x00 0x01                                                                        NOPX
.delay_slot
.swstall delay_slot
	    10    0x00 0x01                                                                        NOPX
.delay_slot
.swstall delay_slot
	    12    0x00 0x01                                                                        NOPX
.label llvm___aie___event0__end last
.delay_slot
.swstall delay_slot
	    14    0x00 0x01                                                                        NOPX

.text_segment_name
.text global 10 llvm___aie___event1
.function_start
	     0    0x10 0x00 0x18 0x19                                                                                                                                                        RET lr
.delay_slot
	     4    0x12 0x00 0x10 0x19                                                                                                                                                        EVENT #1
.delay_slot
.swstall delay_slot
	     8    0x00 0x01                                                                        NOPX
.delay_slot
.swstall delay_slot
	    10    0x00 0x01                                                                        NOPX
.delay_slot
.swstall delay_slot
	    12    0x00 0x01                                                                        NOPX
.label llvm___aie___event1__end last
.delay_slot
.swstall delay_slot
	    14    0x00 0x01                                                                        NOPX



.direct_eval +,-,(,)
