
// File generated by darts version V-2024.06#8be6237c82#250729, Wed Mar 11 01:01:54 2026
// Copyright 2014-2024 Synopsys, Inc. All rights reserved.
// darts -I/home/triple/npu-work/aietools/data/aie_ml/lib -d -h -I/home/triple/npu-work/aietools/include -I/home/triple/npu-work/aietools/data/aie_ml/lib/runtime_cxx/libcxx-lite/include -I/home/triple/npu-work/aietools/data/aie_ml/lib/runtime_cxx/libs/libcxx-16/include -I/home/triple/npu-work/aietools/data/aie_ml/lib/runtime_cxx/libs/libcxxabi-16/include -I/home/triple/npu-work/aietools/data/aie_ml/lib/runtime/include -I/home/triple/npu-work/aietools/tps/boost_1_64_0 -D__AIENGINE__ -D__AIE_ARCH__=20 -D__AIEARCH__=20 -D__tct_tgt__=250729 -L +Ihex +nanno +u /home/triple/npu-work/xdna-emu/aie_traced.mlir.prj/main_core_0_2.elf me

// Release: ipp V-2024.06-TGT-250729

.text_segment PM      0
.entry_point
.label __AIE_ARCH_MODEL_VERSION__20010800__inlined__1__me_basic___main_init_
.label _main_init
.function_start
           0    0x00 0x00 0x01 0xc3 0x38 0x00 0x10 0x43                                                                                                                                    MOVXM sp, #458752
           8    0x00 0x00 0x08 0x00 0x00 0x55                                                                                                                                              MOVXM r16, #0
          14    0x00 0x00 0x0c 0x00 0x00 0x55                                                                                                                                              MOVXM r24, #0
          20    0x16 0x31 0x07 0x99                                                                                                                                                        EQ r24, r24, r16
          24    0xc0 0x00 0x40 0x40 0x01 0x95                                                                                                                                              JNZ r24, #128
.delay_slot
.swstall delay_slot
          30    0x00 0x01                                                                        NOPX
.delay_slot
.swstall delay_slot
          32    0x00 0x01                                                                        NOPX
.delay_slot
.swstall delay_slot
          34    0x00 0x01                                                                        NOPX
.delay_slot
.swstall delay_slot
          36    0x00 0x01                                                                        NOPX
.delay_slot
.swstall delay_slot
          38    0x00 0x01                                                                        NOPX
          40    0xff 0xff 0xfc 0x7f 0xf8 0x55                                                                                                                                              MOVXM p6, #-4
          46    0x1f 0x30 0x76 0x59                                                                                                                                                                                      MOV p7, p0
          50    0x00 0x00 0x00 0x00 0x00 0x00 0x00 0x62 0x04 0xb2 0x00 0x00 0x78 0x2f            NOPA;                                                       NOPS;                                                       MOV r17, r1;                            NOPV
.label TGT_F_main_init_64
.loop_nesting 1
          64    0xdf 0xf0 0xdc 0x8c 0x76 0x4d                                                    LDA p0, [p6], #-4;                                                                                                      MOV r18, p6
          70    0x00 0x01                                                                        NOPX
          72    0x00 0x01                                                                        NOPX
          74    0x00 0x01                                                                        NOPX
          76    0x00 0x01                                                                        NOPX
          78    0x00 0x01                                                                        NOPX
          80    0x00 0x01                                                                        NOPX
.no_stack_arguments
          82    0x10 0x00 0x14 0x19                                                                                                                                                        JL p0
.delay_slot
.swstall delay_slot
          86    0x00 0x01                                                                        NOPX
.delay_slot
.swstall delay_slot
          88    0x00 0x01                                                                        NOPX
.delay_slot
.swstall delay_slot
          90    0x00 0x01                                                                        NOPX
.delay_slot
.swstall delay_slot
          92    0x00 0x01                                                                        NOPX
.delay_slot
.swstall delay_slot
          94    0x00 0x01                                                                        NOPX
.return_address
          96    0x14 0xb1 0x08 0x99                                                                                                                                                        NE r24, r18, r16
         100    0xc0 0x00 0x20 0x40 0x01 0x95                                                                                                                                              JNZ r24, #64
.delay_slot
.swstall delay_slot
         106    0x00 0x01                                                                        NOPX
.delay_slot
.swstall delay_slot
         108    0x00 0x01                                                                        NOPX
.delay_slot
.swstall delay_slot
         110    0x00 0x01                                                                        NOPX
.delay_slot
.swstall delay_slot
         112    0x00 0x01                                                                        NOPX
.delay_slot
.swstall delay_slot
         114    0x00 0x01                                                                        NOPX
.loop_nesting 0
         116    0x18 0x3e 0x76 0x59                                                                                                                                                                                      MOV p0, p7
         120    0x00 0x00 0x00 0x00 0x24 0x4b 0x20 0x03                                                                                                      NOPS;                                                       MOV r1, r17
.label TGT_F_main_init_128
.no_stack_arguments
         128    0x00 0x00 0x70 0x00 0x01 0x15                                                                                                                                              JL #224
.delay_slot
.swstall delay_slot
         134    0x00 0x01                                                                        NOPX
.delay_slot
.swstall delay_slot
         136    0x00 0x01                                                                        NOPX
.delay_slot
.swstall delay_slot
         138    0x00 0x01                                                                        NOPX
.delay_slot
.swstall delay_slot
         140    0x00 0x01                                                                        NOPX
.delay_slot
.swstall delay_slot
         142    0x00 0x01                                                                        NOPX
.return_address
.no_stack_arguments
         144    0x00 0x02 0x10 0x00 0x01 0x15                                                                                                                                              JL #1056
.delay_slot
         150    0x18 0x30 0x06 0x99                                                                                                                                                                                      MOV p0, #0
.delay_slot
.swstall delay_slot
         154    0x00 0x01                                                                        NOPX
.delay_slot
.swstall delay_slot
         156    0x00 0x01                                                                        NOPX
.delay_slot
.swstall delay_slot
         158    0x00 0x01                                                                        NOPX
.delay_slot
.swstall delay_slot
         160    0x00 0x00 0x00 0x00 0x00 0x00 0x00 0x00 0x00 0x00 0x00 0x03 0x88 0x00 0x03 0xc0  NOPA;                         NOPB;                         NOPS;                         NOPX;                         NOPM;                                   NOPV
.return_address
.swstall chess_separator_scheduler
         176    0x00 0x01                                                                        NOPX
.swstall chess_separator_scheduler
         178    0x00 0x01                                                                        NOPX
.swstall chess_separator_scheduler
         180    0x00 0x01                                                                        NOPX
.swstall chess_separator_scheduler
         182    0x00 0x01                                                                        NOPX
.swstall chess_separator_scheduler
         184    0x00 0x01                                                                        NOPX
.swstall chess_separator_scheduler
         186    0x00 0x01                                                                        NOPX
         188    0x10 0x00 0x08 0x19                                                                                                                                                        DONE
.swstall chess_separator_scheduler
         192    0x00 0x01                                                                        NOPX
.swstall chess_separator_scheduler
         194    0x00 0x01                                                                        NOPX
.swstall chess_separator_scheduler
         196    0x00 0x01                                                                        NOPX
.swstall chess_separator_scheduler
         198    0x00 0x01                                                                        NOPX
.swstall chess_separator_scheduler
         200    0x00 0x01                                                                        NOPX
.swstall chess_separator_scheduler
         202    0x00 0x01                                                                        NOPX
.swstall for_chess_exit
.exit
         204    0x00 0x00 0x00 0x19                                                              NOPA
.label TGT_F_main_init_208
.loop_nesting 1
         208    0x00 0x00 0x68 0x00 0x00 0x95                                                                                                                                              J #208
.delay_slot
.swstall delay_slot
         214    0x00 0x01                                                                        NOPX
.delay_slot
.swstall delay_slot
         216    0x00 0x01                                                                        NOPX
.delay_slot
.swstall delay_slot
         218    0x00 0x01                                                                        NOPX
.delay_slot
.swstall delay_slot
         220    0x00 0x01                                                                        NOPX
.delay_slot
.swstall delay_slot
         222    0x00 0x01                                                                        NOPX
.label _main_init__end
.label core_0_2
.function_start
         224    0x00 0x03 0x40 0x00 0x01 0xc1 0x12 0x00 0x10 0x3b                                                              PADDB [sp], #64;                                            MOVXM dn0, #459776
         234    0xff 0xfe 0xd0 0x00 0x01 0xd3 0x18 0x00 0x11 0x3b                                                                                            ST p6, [sp, #-4];             MOVXM p6, #475136
         244    0xff 0x8d 0xc0 0x00 0x01 0xe2 0xe0 0x00 0x11 0x3b                                                                                            ST r23, [sp, #-32];           MOVXM r23, #491520
         254    0xff 0x9c 0x40 0x22 0x0d 0x3d                                                                                                                ST r17, [sp, #-28];           MOVX r17, #3
         260    0xff 0x7c 0x00 0x00 0x01 0xf2 0x00 0x00 0x11 0x3b                                                                                            ST r16, [sp, #-36];           MOVXM r16, #507904
         270    0x0f 0xff 0x7e 0x99                                                                                                                          ST p7, [sp, #-8]
         274    0x0f 0xfe 0x68 0x19                                                                                                                          ST r20, [sp, #-16]
         278    0x0f 0xfd 0x6c 0x19                                                                                                                          ST r22, [sp, #-24]
         282    0x0f 0xfb 0x6a 0x19                                                                                                                          ST r21, [sp, #-40]
         286    0x0f 0xfe 0xe6 0x19                                                                                                                          ST r19, [sp, #-12]
         290    0x0f 0xfd 0xe4 0x19                                                                                                                          ST r18, [sp, #-20]
         294    0x0f 0xfa 0xc2 0x99                                                                                                                          ST lr, [sp, #-44]
         298    0x00 0x00 0x07 0xfa 0x51 0x35                                                    NOPA;                                                       ST dn0, [sp, #-48]
.label TGT_Fcore_0_2_80
.loop_nesting 1
         304    0x07 0xfa 0x7e 0xd9                                                              LDA p7, [sp, #-48]
.no_stack_arguments
         308    0x00 0x01 0x98 0x00 0x01 0x15                                                                                                                                              JL #816
.delay_slot
.swstall delay_slot
         314    0x00 0x01                                                                        NOPX
.delay_slot
.swstall delay_slot
         316    0x00 0x01                                                                        NOPX
.delay_slot
.swstall delay_slot
         318    0x00 0x01                                                                        NOPX
.delay_slot
.swstall delay_slot
         320    0x00 0x01                                                                        NOPX
.delay_slot
         322    0x00 0x00 0x00 0x00 0x07 0xc2 0xfd 0x00 0x0c 0x79 0x00 0x00 0x00 0x7f            NOPA;                         NOPB;                         NOPS;                         MOVX r1, #-1;                 MOV r0, #49
.return_address
.no_stack_arguments
         336    0x00 0x01 0x98 0x00 0x01 0x15                                                                                                                                              JL #816
.delay_slot
         342    0x00 0x00 0x06 0x48 0x27 0xff 0xc8 0x43                                                                                                                                    MOVX r0, #50;                 MOV r1, #-1
.delay_slot
.swstall delay_slot
         350    0x00 0x01                                                                        NOPX
.delay_slot
.swstall delay_slot
         352    0x00 0x01                                                                        NOPX
.delay_slot
.swstall delay_slot
         354    0x00 0x01                                                                        NOPX
.delay_slot
.swstall delay_slot
         356    0x00 0x00 0x00 0x00 0x00 0x00 0x00 0x00 0x00 0x00 0x01 0x37                      NOPA;                         NOPB;                         NOPS;                         NOPX
.return_address
         368    0xe0 0x76 0x48 0x3b 0x96 0x4d                                                    LDA r25, [p7], #4;                                                                                                      MOV p0, r23
         374    0x07 0x03 0xbc 0x59                                                              LDA r30, [p7], #4
         378    0x07 0x03 0xb6 0x59                                                              LDA r27, [p7], #4
         382    0x07 0x03 0xb4 0x59                                                              LDA r26, [p7], #4
         386    0x07 0x03 0xb0 0x59                                                              LDA r24, [p7], #4
         390    0x07 0x03 0xb8 0x59                                                              LDA r28, [p7], #4
         394    0x07 0x03 0xba 0x59                                                              LDA r29, [p7], #4
         398    0xfe 0x76 0x4f 0xcc 0x86 0xed                                                    LDA r25, [p7], #-28;                                                                                                    ADD.NC r31, r25, #1
         404    0x00 0x77 0xc0 0x03 0xc7 0x83 0x70 0x03                                                                                                      ST r31, [p0], #4;                                           ADD.NC r30, r30, #1
         412    0x00 0x77 0x80 0x03 0x66 0xc3 0x70 0x03                                                                                                      ST r30, [p0], #4;                                           ADD.NC r27, r27, #1
         420    0x00 0x76 0xc0 0x03 0x46 0x83 0x70 0x03                                                                                                      ST r27, [p0], #4;                                           ADD.NC r26, r26, #1
         428    0x00 0x76 0x80 0x03 0x06 0x03 0x70 0x03                                                                                                      ST r26, [p0], #4;                                           ADD.NC r24, r24, #1
.no_stack_arguments
         436    0xff 0x4f 0xd0 0x00 0x00 0x6a 0x00 0x00 0x41 0x3b                                                                                            ST p7, [sp, #-48];            JL #848
.delay_slot
         446    0x00 0x76 0x00 0x03 0x07 0x03 0x70 0x03                                                                                                      ST r24, [p0], #4;                                           ADD.NC r24, r28, #1
.delay_slot
         454    0x00 0x76 0x00 0x03 0x07 0x43 0x70 0x03                                                                                                      ST r24, [p0], #4;                                           ADD.NC r24, r29, #1
.delay_slot
         462    0x00 0x76 0x00 0x03 0x06 0x43 0x70 0x03                                                                                                      ST r24, [p0], #4;                                           ADD.NC r24, r25, #1
.delay_slot
         470    0x00 0x00 0x00 0xf3 0xb0 0x00 0x00 0x00 0x00 0x7b                                NOPA;                                                       ST r24, [p0], #-28;           NOPX
.delay_slot
         480    0x00 0x00 0x00 0x20 0x48 0x00 0x00 0x00 0x06 0x0a 0xe0 0x3b 0x28 0x00 0x03 0xc0  MOVA r1, #1;                  NOPB;                         NOPS;                         MOVX r0, #48;                 MOV r23, p0;                            NOPV
.return_address
.no_stack_arguments
         496    0x00 0x01 0xa8 0x00 0x01 0x15                                                                                                                                              JL #848
.delay_slot
         502    0x00 0x00 0x10 0x28 0x00 0x67 0xc8 0x43                                                                                                                                    MOVX r1, #1;                  MOV r0, #51
.delay_slot
.swstall delay_slot
         510    0x00 0x01                                                                        NOPX
.delay_slot
.swstall delay_slot
         512    0x00 0x01                                                                        NOPX
.delay_slot
.swstall delay_slot
         514    0x00 0x01                                                                        NOPX
.delay_slot
.swstall delay_slot
         516    0x00 0x00 0x00 0x00 0x00 0x00 0x00 0x00 0x00 0x00 0x01 0x37                      NOPA;                         NOPB;                         NOPS;                         NOPX
.return_address
.no_stack_arguments
         528    0x00 0x01 0x98 0x00 0x01 0x15                                                                                                                                              JL #816
.delay_slot
         534    0x00 0x3e 0x17 0xe8 0x00 0x63 0xc8 0x43                                                                                                                                    MOVX r1, #-1;                 MOV r0, #49
.delay_slot
.swstall delay_slot
         542    0x00 0x01                                                                        NOPX
.delay_slot
.swstall delay_slot
         544    0x00 0x01                                                                        NOPX
.delay_slot
.swstall delay_slot
         546    0x00 0x01                                                                        NOPX
.delay_slot
.swstall delay_slot
         548    0x00 0x00 0x00 0x00 0x00 0x00 0x00 0x00 0x00 0x00 0x01 0x37                      NOPA;                         NOPB;                         NOPS;                         NOPX
.return_address
.no_stack_arguments
         560    0x00 0x01 0x98 0x00 0x01 0x15                                                                                                                                              JL #816
.delay_slot
         566    0x00 0x00 0x06 0x48 0x27 0xff 0xc8 0x43                                                                                                                                    MOVX r0, #50;                 MOV r1, #-1
.delay_slot
.swstall delay_slot
         574    0x00 0x01                                                                        NOPX
.delay_slot
.swstall delay_slot
         576    0x00 0x01                                                                        NOPX
.delay_slot
.swstall delay_slot
         578    0x00 0x01                                                                        NOPX
.delay_slot
.swstall delay_slot
         580    0x00 0x00 0x00 0x00 0x00 0x00 0x00 0x00 0x00 0x00 0x01 0x37                      NOPA;                         NOPB;                         NOPS;                         NOPX
.return_address
         592    0xc0 0x76 0x4f 0x38 0x16 0x4d                                                    LDA r25, [p6], #4;                                                                                                      MOV p7, r16
         598    0x06 0x03 0xb6 0x59                                                              LDA r27, [p6], #4
         602    0x06 0x03 0xb8 0x59                                                              LDA r28, [p6], #4
         606    0x06 0x03 0xb4 0x59                                                              LDA r26, [p6], #4
         610    0x06 0x03 0xb0 0x59                                                              LDA r24, [p6], #4
         614    0x06 0x03 0xbc 0x59                                                              LDA r30, [p6], #4
         618    0x06 0x03 0xba 0x59                                                              LDA r29, [p6], #4
         622    0xde 0x76 0x4f 0xcc 0x86 0xed                                                    LDA r25, [p6], #-28;                                                                                                    ADD.NC r31, r25, #1
         628    0xe0 0x77 0xc0 0x03 0x66 0xc3 0x70 0x03                                                                                                      ST r31, [p7], #4;                                           ADD.NC r27, r27, #1
         636    0xe0 0x76 0xc0 0x03 0x67 0x03 0x70 0x03                                                                                                      ST r27, [p7], #4;                                           ADD.NC r27, r28, #1
         644    0xe0 0x76 0xc0 0x03 0x46 0x83 0x70 0x03                                                                                                      ST r27, [p7], #4;                                           ADD.NC r26, r26, #1
         652    0xe0 0x76 0x80 0x03 0x06 0x03 0x70 0x03                                                                                                      ST r26, [p7], #4;                                           ADD.NC r24, r24, #1
.no_stack_arguments
         660    0x00 0x01 0xa8 0x00 0x01 0x15                                                                                                                                              JL #848
.delay_slot
         666    0xe0 0x76 0x00 0x03 0x07 0x83 0x70 0x03                                                                                                      ST r24, [p7], #4;                                           ADD.NC r24, r30, #1
.delay_slot
         674    0xe0 0x76 0x00 0x03 0x07 0x43 0x70 0x03                                                                                                      ST r24, [p7], #4;                                           ADD.NC r24, r29, #1
.delay_slot
         682    0xe0 0x76 0x00 0x03 0x06 0x43 0x70 0x03                                                                                                      ST r24, [p7], #4;                                           ADD.NC r24, r25, #1
.delay_slot
         690    0x0f 0xf3 0xb0 0x19                                                                                                                          ST r24, [p7], #-28
.delay_slot
         694    0x00 0x20 0x48 0x00 0x06 0x0a 0x07 0x3b 0x28 0xbb                                MOVA r1, #1;                                                                              MOVX r0, #48;                 MOV r16, p7
.return_address
.no_stack_arguments
         704    0x00 0x01 0xa8 0x00 0x01 0x15                                                                                                                                              JL #848
.delay_slot
         710    0x00 0x00 0x0e 0x62 0x60 0x55                                                                                                                                              MOVXM p7, #304
.delay_slot
         716    0x00 0x00 0x06 0x68 0x20 0x03 0xc8 0x43                                                                                                                                    MOVX r0, #51;                 MOV r1, #1
.delay_slot
.swstall delay_slot
         724    0x00 0x01                                                                        NOPX
.delay_slot
.swstall delay_slot
         726    0x00 0x01                                                                        NOPX
.delay_slot
.swstall delay_slot
         728    0x00 0x00 0x00 0x04 0x00 0x00 0x78 0x23                                          NOPA;                                                                                                                                                           NOPV
.return_address
         736    0x14 0x63 0xcc 0x19                                                                                                                                                        JNZD r17, r17, p7
.delay_slot
.swstall delay_slot
         740    0x00 0x01                                                                        NOPX
.delay_slot
.swstall delay_slot
         742    0x00 0x01                                                                        NOPX
.delay_slot
.swstall delay_slot
         744    0x00 0x01                                                                        NOPX
.delay_slot
.swstall delay_slot
         746    0x00 0x01                                                                        NOPX
.delay_slot
.swstall delay_slot
         748    0x00 0x01                                                                        NOPX
.loop_nesting 0
         750    0x07 0xfa 0xc2 0xd9                                                              LDA lr, [sp, #-44]
         754    0x07 0xfb 0x6a 0x59                                                              LDA r21, [sp, #-40]
         758    0x07 0xfc 0x6e 0x59                                                              LDA r23, [sp, #-32]
         762    0x07 0xfd 0x6c 0x59                                                              LDA r22, [sp, #-24]
         766    0x07 0xfe 0x68 0x59                                                              LDA r20, [sp, #-16]
         770    0x07 0xff 0x7e 0xd9                                                              LDA p7, [sp, #-8]
         774    0x07 0xff 0xf6 0xd9                                                              LDA p6, [sp, #-4]
         778    0x07 0xfb 0xe0 0x59                                                              LDA r16, [sp, #-36]
         782    0x07 0xfc 0xe2 0x59                                                              LDA r17, [sp, #-28]
         786    0x07 0xfd 0xe4 0x59                                                              LDA r18, [sp, #-20]
         790    0x07 0xfe 0xe6 0x59                                                              LDA r19, [sp, #-12]
         794    0x10 0x00 0x18 0x19                                                                                                                                                        RET lr
.delay_slot
.swstall delay_slot
         798    0x00 0x01                                                                        NOPX
.delay_slot
.swstall delay_slot
         800    0x00 0x01                                                                        NOPX
.delay_slot
.swstall delay_slot
         802    0x00 0x01                                                                        NOPX
.delay_slot
.swstall delay_slot
         804    0x00 0x01                                                                        NOPX
.delay_slot
         806    0x00 0x00 0x07 0xff 0xc0 0x00 0x00 0x03 0x8e 0xbb                                NOPA;                         PADDB [sp], #-64;                                                                         NOPM
.label core_0_2__end
.label llvm___aie2___acquire
.function_start
         816    0x10 0x12 0x12 0x19                                                                                                                                                        ACQ r0, r1
         820    0x10 0x00 0x18 0x19                                                                                                                                                        RET lr
.delay_slot
.swstall delay_slot
         824    0x00 0x01                                                                        NOPX
.delay_slot
.swstall delay_slot
         826    0x00 0x01                                                                        NOPX
.delay_slot
.swstall delay_slot
         828    0x00 0x01                                                                        NOPX
.delay_slot
.swstall delay_slot
         830    0x00 0x01                                                                        NOPX
.delay_slot
.swstall delay_slot
         832    0x00 0x00 0x00 0x00 0x00 0x00 0x00 0x00 0x00 0x00 0x00 0x03 0x88 0x00 0x03 0xc0  NOPA;                         NOPB;                         NOPS;                         NOPX;                         NOPM;                                   NOPV
.label llvm___aie2___acquire__end
.label llvm___aie2___release
.function_start
         848    0x10 0x10 0x12 0x19                                                                                                                                                        REL r0, r1
         852    0x10 0x00 0x18 0x19                                                                                                                                                        RET lr
.delay_slot
.swstall delay_slot
         856    0x00 0x01                                                                        NOPX
.delay_slot
.swstall delay_slot
         858    0x00 0x01                                                                        NOPX
.delay_slot
.swstall delay_slot
         860    0x00 0x01                                                                        NOPX
.delay_slot
.swstall delay_slot
         862    0x00 0x01                                                                        NOPX
.delay_slot
.swstall delay_slot
         864    0x00 0x00 0x00 0x00 0x00 0x00 0x00 0x00 0x00 0x00 0x00 0x03 0x88 0x00 0x03 0xc0  NOPA;                         NOPB;                         NOPS;                         NOPX;                         NOPM;                                   NOPV
.label llvm___aie2___release__end
.label _fini
.function_start
         880    0x00 0x00 0x00 0x00 0x00 0x55                                                                                                                                              MOVXM r0, #0
         886    0x00 0x00 0x0c 0x00 0x00 0x55                                                                                                                                              MOVXM r24, #0
         892    0x16 0x32 0x07 0x99                                                                                                                                                        EQ r25, r24, r0
         896    0xc8 0x01 0xf8 0x40 0x01 0x95                                                                                                                                              JNZ r25, #1008
.delay_slot
         902    0x38 0x03 0x20 0x19                                                                                            PADDB [sp], #32
.delay_slot
         906    0x0f 0xff 0x64 0x19                                                                                                                          ST r18, [sp, #-8]
.delay_slot
         910    0x0f 0xff 0xe2 0x19                                                                                                                          ST r17, [sp, #-4]
.delay_slot
         914    0xff 0xdc 0xc0 0x02 0x27 0x3b 0x20 0x03                                                                                                      ST r19, [sp, #-12];                                         MOV r17, p7
.delay_slot
         922    0xff 0xc8 0x50 0x03 0x9e 0x0b 0x20 0x03                                                                                                      ST lr, [sp, #-16];                                          MOV p7, r24
         930    0x00 0x00 0x00 0x00 0x00 0x00 0x00 0x4c 0x00 0x02 0x00 0x00 0x00 0x7f            NOPA;                         NOPB;                         NOPS;                         MOVXM r19, #0
.label TGT_F_fini_64
.loop_nesting 1
         944    0x07 0x03 0x86 0xd9                                                              LDA p0, [p7], #4
         948    0x00 0x01                                                                        NOPX
         950    0x00 0x01                                                                        NOPX
         952    0x00 0x01                                                                        NOPX
         954    0x00 0x01                                                                        NOPX
         956    0x00 0x01                                                                        NOPX
         958    0x00 0x01                                                                        NOPX
.no_stack_arguments
         960    0x10 0x00 0x14 0x19                                                                                                                                                        JL p0
.delay_slot
         964    0x1c 0x8e 0x76 0x59                                                                                                                                                                                      MOV r18, p7
.delay_slot
.swstall delay_slot
         968    0x00 0x01                                                                        NOPX
.delay_slot
.swstall delay_slot
         970    0x00 0x01                                                                        NOPX
.delay_slot
.swstall delay_slot
         972    0x00 0x01                                                                        NOPX
.delay_slot
.swstall delay_slot
         974    0x00 0x01                                                                        NOPX
.return_address
         976    0x14 0xf1 0x28 0x99                                                                                                                                                        NE r24, r19, r18
         980    0xc0 0x01 0xd8 0x40 0x01 0x95                                                                                                                                              JNZ r24, #944
.delay_slot
.swstall delay_slot
         986    0x00 0x01                                                                        NOPX
.delay_slot
.swstall delay_slot
         988    0x00 0x01                                                                        NOPX
.delay_slot
.swstall delay_slot
         990    0x00 0x01                                                                        NOPX
.delay_slot
.swstall delay_slot
         992    0x00 0x01                                                                        NOPX
.delay_slot
.swstall delay_slot
         994    0x00 0x00 0x00 0x00 0x00 0x00 0x00 0x40 0x00 0x38 0x00 0x00 0x78 0x2f            NOPA;                                                       NOPS;                                                       NOPM;                                   NOPV
.label TGT_F_fini_128
.loop_nesting 0
        1008    0x07 0xfe 0x42 0xd9                                                              LDA lr, [sp, #-16]
.aggressive_scheduled_block_id 1
.aggressive_scheduled_block_id first
        1012    0x07 0xff 0x64 0x59                                                              LDA r18, [sp, #-8]
.aggressive_scheduled_block_id 1
.noswbrkpt
        1016    0x07 0xff 0xe2 0x59                                                              LDA r17, [sp, #-4]
.aggressive_scheduled_block_id 1
.nohwbrkpt
.noswbrkpt
        1020    0x07 0xfe 0xe6 0x59                                                              LDA r19, [sp, #-12]
.aggressive_scheduled_block_id 1
.nohwbrkpt
.noswbrkpt
        1024    0x00 0x01                                                                        NOPX
.aggressive_scheduled_block_id 1
.nohwbrkpt
.noswbrkpt
        1026    0x00 0x01                                                                        NOPX
.aggressive_scheduled_block_id 1
.nohwbrkpt
.noswbrkpt
        1028    0x00 0x01                                                                        NOPX
.aggressive_scheduled_block_id 1
.nohwbrkpt
.noswbrkpt
        1030    0x10 0x00 0x18 0x19                                                                                                                                                        RET lr
.delay_slot
.aggressive_scheduled_block_id 1
.aggressive_scheduled_block_id last
.nohwbrkpt
.noswbrkpt
        1034    0x07 0xff 0xe7 0x38 0x96 0x45                                                                                  PADDB [sp], #-32;                                                                         MOV p7, r17
.delay_slot
.swstall delay_slot
        1040    0x00 0x01                                                                        NOPX
.delay_slot
.swstall delay_slot
        1042    0x00 0x01                                                                        NOPX
.delay_slot
.swstall delay_slot
        1044    0x00 0x01                                                                        NOPX
.delay_slot
.swstall delay_slot
        1046    0x00 0x00 0x00 0x00 0x00 0x00 0x00 0x03 0x8e 0xbb                                NOPA;                         NOPB;                                                                                     NOPM
.label _fini__end
.label __cxa_finalize
.function_start
        1056    0xff 0xa0 0x48 0x03 0x20 0x00 0x01 0xc0 0x1a 0x20 0x10 0xb7                      MOVA r1, #-3;                 PADDB [sp], #32;                                            MOVXM p0, #459840
        1068    0x00 0x50 0xcf 0xff 0xc0 0x00 0x01 0x0a 0x03 0x1b 0x28 0x77                      LDA r3, [p0, #0];                                           ST r0, [sp, #-4];             MOVX r0, #8;                  MOV r16, crRnd
        1080    0x00 0x50 0x00 0x00 0x01 0xc0 0x42 0x10 0x11 0x3b                                                                                            ST r0, [p0, #0];              MOVXM r2, #459808
        1090    0xff 0xe8 0x50 0x00 0x00 0x03 0x1a 0x40 0x11 0x3b                                                                                            ST lr, [sp, #-8];             MOVXM p6, #1152
        1100    0x1c 0x40 0x36 0x59                                                                                                                                                                                      MOV r17, crVaddSign
        1104    0x1c 0x8b 0x36 0x59                                                                                                                                                                                      MOV r18, crUnpackSign
        1108    0x1c 0xca 0x36 0x59                                                                                                                                                                                      MOV r19, crUPSSign
        1112    0x1d 0x05 0x36 0x59                                                                                                                                                                                      MOV r20, crPackSign
        1116    0x00 0x06 0x0f 0x1a 0xa4 0x9b 0x28 0x43                                                                                                                                    ADD r0, r3, #-8;              MOV r21, crSat
        1124    0x00 0x00 0x00 0x00 0x00 0x04 0x20 0x06 0xc4 0x1b 0x28 0xb7                      NOPA;                         NOPB;                                                       ADD r2, r2, r0;               MOV r22, crSRSSign
        1136    0x00 0x00 0x00 0x00 0x00 0x00 0x00 0x01 0x70 0xf7 0x98 0x8b 0x28 0x00 0x03 0xc0  NOPA;                         NOPB;                         NOPS;                         ASHL r23, r0, r1;             MOV p7, r2;                             NOPV
.label TGT_F__cxa_finalize_96
.loop_nesting 1
        1152    0x07 0x03 0x8e 0xd9                                                              LDA p1, [p7], #4
        1156    0x07 0xfb 0x86 0xd9                                                              LDA p0, [p7], #-12
        1160    0x00 0x01                                                                        NOPX
        1162    0x00 0x01                                                                        NOPX
        1164    0x00 0x01                                                                        NOPX
        1166    0x00 0x01                                                                        NOPX
        1168    0x00 0x01                                                                        NOPX
.no_stack_arguments
        1170    0x10 0x00 0x54 0x19                                                                                                                                                        JL p1
.delay_slot
.swstall delay_slot
        1174    0x00 0x01                                                                        NOPX
.delay_slot
.swstall delay_slot
        1176    0x00 0x01                                                                        NOPX
.delay_slot
.swstall delay_slot
        1178    0x00 0x01                                                                        NOPX
.delay_slot
.swstall delay_slot
        1180    0x00 0x01                                                                        NOPX
.delay_slot
.swstall delay_slot
        1182    0x00 0x01                                                                        NOPX
.return_address
        1184    0x15 0xef 0x8c 0x19                                                                                                                                                        JNZD r23, r23, p6
.delay_slot
.swstall delay_slot
        1188    0x00 0x01                                                                        NOPX
.delay_slot
.swstall delay_slot
        1190    0x00 0x01                                                                        NOPX
.delay_slot
.swstall delay_slot
        1192    0x00 0x01                                                                        NOPX
.delay_slot
.swstall delay_slot
        1194    0x00 0x01                                                                        NOPX
.delay_slot
.swstall delay_slot
        1196    0x00 0x01                                                                        NOPX
.loop_nesting 0
        1198    0x07 0xff 0x42 0xd9                                                              LDA lr, [sp, #-8]
        1202    0x07 0xff 0xc0 0x59                                                              LDA r0, [sp, #-4]
        1206    0x00 0x01                                                                        NOPX
        1208    0x00 0x01                                                                        NOPX
        1210    0x00 0x01                                                                        NOPX
        1212    0x00 0x01                                                                        NOPX
        1214    0x00 0x01                                                                        NOPX
        1216    0x10 0x00 0x18 0x19                                                                                                                                                        RET lr
.delay_slot
.swstall delay_slot
        1220    0x00 0x01                                                                        NOPX
.delay_slot
        1222    0x15 0xa0 0x20 0x19                                                                                                                                                        MOVX crSRSSign, r22
.delay_slot
        1226    0x00 0x2b 0x21 0x01 0x4d 0x0b 0x28 0x43                                                                                                                                    MOVX crSat, r21;              MOV crPackSign, r20
.delay_slot
        1234    0x00 0x00 0x00 0x00 0x04 0xe8 0x20 0x59 0x91 0x65 0x00 0x00 0x00 0x7f            NOPA;                         NOPB;                         NOPS;                         MOVX crUPSSign, r19;          MOV crUnpackSign, r18
.delay_slot
        1248    0xff 0xfc 0x00 0x00 0x00 0x00 0x00 0x20 0xc1 0x00 0x0c 0x4b 0x28 0x00 0x03 0xc0  NOPA;                         PADDB [sp], #-32;             NOPS;                         MOVX crRnd, r16;              MOV crVaddSign, r17;                    NOPV
.label __cxa_finalize__end

.data_segment DMb 459808
.label _ZL7atexits
	0x70
	0x3
	0x0
	0x0
	0x0
	0x0
	0x0
	0x0
	0x0
	0x0
	0x0
	0x0
	0x0
	0x0
	0x0
	0x0
	0x0
	0x0
	0x0
	0x0
	0x0
	0x0
	0x0
	0x0
	0x0
	0x0
	0x0
	0x0
	0x0
	0x0
	0x0
	0x0
.label _ZL10atexit_cnt
	0x8
	0x0
	0x0
	0x0

.stack DM_stack 458752 459776
